Unable to init server: Could not connect: Connection refused
Unable to init server: Could not connect: Connection refused

(train.py:36514): Gdk-CRITICAL **: 13:31:26.767: gdk_cursor_new_for_display: assertion 'GDK_IS_DISPLAY (display)' failed
INFO - mli_cifar10 - Running command 'main'
INFO - mli_cifar10 - Started run with ID "1571670"

  0%|          | 0/391 [00:00<?, ?it/s]
Epoch 0 train | loss = 2.302111, acc = 0.1250:   0%|          | 0/391 [00:00<?, ?it/s]
Epoch 0 train | loss = 2.302111, acc = 0.1250:   0%|          | 1/391 [00:00<00:39,  9.91it/s]
Epoch 0 train | loss = 2.300327, acc = 0.1289:   0%|          | 1/391 [00:00<00:39,  9.91it/s]
Epoch 0 train | loss = 2.300720, acc = 0.1094:   0%|          | 1/391 [00:00<00:39,  9.91it/s]
Epoch 0 train | loss = 2.301773, acc = 0.1133:   0%|          | 1/391 [00:00<00:39,  9.91it/s]
Epoch 0 train | loss = 2.301773, acc = 0.1133:   1%|          | 4/391 [00:00<00:32, 12.08it/s]
Epoch 0 train | loss = 2.301414, acc = 0.1187:   1%|          | 4/391 [00:00<00:32, 12.08it/s]
Epoch 0 train | loss = 2.300905, acc = 0.1198:   1%|          | 4/391 [00:00<00:32, 12.08it/s]
Epoch 0 train | loss = 2.301013, acc = 0.1172:   1%|          | 4/391 [00:00<00:32, 12.08it/s]
Epoch 0 train | loss = 2.301013, acc = 0.1172:   2%|▏         | 7/391 [00:00<00:26, 14.42it/s]
Epoch 0 train | loss = 2.301073, acc = 0.1162:   2%|▏         | 7/391 [00:00<00:26, 14.42it/s]
Epoch 0 train | loss = 2.301755, acc = 0.1094:   2%|▏         | 7/391 [00:00<00:26, 14.42it/s]
Epoch 0 train | loss = 2.301946, acc = 0.1070:   2%|▏         | 7/391 [00:00<00:26, 14.42it/s]
Epoch 0 train | loss = 2.300782, acc = 0.1158:   2%|▏         | 7/391 [00:00<00:26, 14.42it/s]
Epoch 0 train | loss = 2.300782, acc = 0.1158:   3%|▎         | 11/391 [00:00<00:22, 17.19it/s]
Epoch 0 train | loss = 2.300868, acc = 0.1139:   3%|▎         | 11/391 [00:00<00:22, 17.19it/s]
Epoch 0 train | loss = 2.301270, acc = 0.1130:   3%|▎         | 11/391 [00:00<00:22, 17.19it/s]
Epoch 0 train | loss = 2.301385, acc = 0.1122:   3%|▎         | 11/391 [00:00<00:22, 17.19it/s]
Epoch 0 train | loss = 2.301563, acc = 0.1099:   3%|▎         | 11/391 [00:00<00:22, 17.19it/s]
Epoch 0 train | loss = 2.301563, acc = 0.1099:   4%|▍         | 15/391 [00:00<00:18, 19.86it/s]
Epoch 0 train | loss = 2.301753, acc = 0.1084:   4%|▍         | 15/391 [00:00<00:18, 19.86it/s]
Epoch 0 train | loss = 2.301732, acc = 0.1080:   4%|▍         | 15/391 [00:00<00:18, 19.86it/s]
Epoch 0 train | loss = 2.301637, acc = 0.1111:   4%|▍         | 15/391 [00:00<00:18, 19.86it/s]
Epoch 0 train | loss = 2.301433, acc = 0.1131:   4%|▍         | 15/391 [00:00<00:18, 19.86it/s]
Epoch 0 train | loss = 2.301433, acc = 0.1131:   5%|▍         | 19/391 [00:00<00:16, 22.17it/s]
Epoch 0 train | loss = 2.300892, acc = 0.1137:   5%|▍         | 19/391 [00:00<00:16, 22.17it/s]
Epoch 0 train | loss = 2.300554, acc = 0.1138:   5%|▍         | 19/391 [00:00<00:16, 22.17it/s]
Epoch 0 train | loss = 2.299712, acc = 0.1154:   5%|▍         | 19/391 [00:00<00:16, 22.17it/s]
Epoch 0 train | loss = 2.299736, acc = 0.1141:   5%|▍         | 19/391 [00:00<00:16, 22.17it/s]
Epoch 0 train | loss = 2.299736, acc = 0.1141:   6%|▌         | 23/391 [00:00<00:15, 24.22it/s]
Epoch 0 train | loss = 2.298981, acc = 0.1149:   6%|▌         | 23/391 [00:00<00:15, 24.22it/s]
Epoch 0 train | loss = 2.298477, acc = 0.1159:   6%|▌         | 23/391 [00:00<00:15, 24.22it/s]
Epoch 0 train | loss = 2.298170, acc = 0.1142:   6%|▌         | 23/391 [00:00<00:15, 24.22it/s]
Epoch 0 train | loss = 2.297518, acc = 0.1140:   6%|▌         | 23/391 [00:00<00:15, 24.22it/s]
Epoch 0 train | loss = 2.297518, acc = 0.1140:   7%|▋         | 27/391 [00:00<00:14, 25.82it/s]
Epoch 0 train | loss = 2.296042, acc = 0.1161:   7%|▋         | 27/391 [00:01<00:14, 25.82it/s]
Epoch 0 train | loss = 2.294530, acc = 0.1183:   7%|▋         | 27/391 [00:01<00:14, 25.82it/s]
Epoch 0 train | loss = 2.292239, acc = 0.1203:   7%|▋         | 27/391 [00:01<00:14, 25.82it/s]
Epoch 0 train | loss = 2.288547, acc = 0.1235:   7%|▋         | 27/391 [00:01<00:14, 25.82it/s]
Epoch 0 train | loss = 2.288547, acc = 0.1235:   8%|▊         | 31/391 [00:01<00:13, 27.22it/s]
Epoch 0 train | loss = 2.286115, acc = 0.1243:   8%|▊         | 31/391 [00:01<00:13, 27.22it/s]
Epoch 0 train | loss = 2.285048, acc = 0.1243:   8%|▊         | 31/391 [00:01<00:13, 27.22it/s]
Epoch 0 train | loss = 2.281023, acc = 0.1252:   8%|▊         | 31/391 [00:01<00:13, 27.22it/s]
Epoch 0 train | loss = 2.279267, acc = 0.1266:   8%|▊         | 31/391 [00:01<00:13, 27.22it/s]
Epoch 0 train | loss = 2.279267, acc = 0.1266:   9%|▉         | 35/391 [00:01<00:12, 28.28it/s]
Epoch 0 train | loss = 2.276361, acc = 0.1296:   9%|▉         | 35/391 [00:01<00:12, 28.28it/s]
Epoch 0 train | loss = 2.274703, acc = 0.1296:   9%|▉         | 35/391 [00:01<00:12, 28.28it/s]
Epoch 0 train | loss = 2.273001, acc = 0.1295:   9%|▉         | 35/391 [00:01<00:12, 28.28it/s]
Epoch 0 train | loss = 2.268996, acc = 0.1314:   9%|▉         | 35/391 [00:01<00:12, 28.28it/s]
Epoch 0 train | loss = 2.268996, acc = 0.1314:  10%|▉         | 39/391 [00:01<00:12, 28.98it/s]
Epoch 0 train | loss = 2.264981, acc = 0.1336:  10%|▉         | 39/391 [00:01<00:12, 28.98it/s]
Epoch 0 train | loss = 2.263626, acc = 0.1338:  10%|▉         | 39/391 [00:01<00:12, 28.98it/s]
Epoch 0 train | loss = 2.258331, acc = 0.1365:  10%|▉         | 39/391 [00:01<00:12, 28.98it/s]
Epoch 0 train | loss = 2.255731, acc = 0.1370:  10%|▉         | 39/391 [00:01<00:12, 28.98it/s]
Epoch 0 train | loss = 2.255731, acc = 0.1370:  11%|█         | 43/391 [00:01<00:11, 29.47it/s]
Epoch 0 train | loss = 2.254737, acc = 0.1378:  11%|█         | 43/391 [00:01<00:11, 29.47it/s]
Epoch 0 train | loss = 2.251107, acc = 0.1382:  11%|█         | 43/391 [00:01<00:11, 29.47it/s]
Epoch 0 train | loss = 2.249631, acc = 0.1379:  11%|█         | 43/391 [00:01<00:11, 29.47it/s]
Epoch 0 train | loss = 2.246356, acc = 0.1390:  11%|█         | 43/391 [00:01<00:11, 29.47it/s]
Epoch 0 train | loss = 2.246356, acc = 0.1390:  12%|█▏        | 47/391 [00:01<00:11, 29.71it/s]
Epoch 0 train | loss = 2.243804, acc = 0.1392:  12%|█▏        | 47/391 [00:01<00:11, 29.71it/s]
Epoch 0 train | loss = 2.239608, acc = 0.1405:  12%|█▏        | 47/391 [00:01<00:11, 29.71it/s]
Epoch 0 train | loss = 2.237648, acc = 0.1409:  12%|█▏        | 47/391 [00:01<00:11, 29.71it/s]
Epoch 0 train | loss = 2.234270, acc = 0.1419:  12%|█▏        | 47/391 [00:01<00:11, 29.71it/s]
Epoch 0 train | loss = 2.234270, acc = 0.1419:  13%|█▎        | 51/391 [00:01<00:11, 29.77it/s]
Epoch 0 train | loss = 2.231082, acc = 0.1426:  13%|█▎        | 51/391 [00:01<00:11, 29.77it/s]
Epoch 0 train | loss = 2.228181, acc = 0.1448:  13%|█▎        | 51/391 [00:01<00:11, 29.77it/s]
Epoch 0 train | loss = 2.226717, acc = 0.1451:  13%|█▎        | 51/391 [00:01<00:11, 29.77it/s]
Epoch 0 train | loss = 2.225478, acc = 0.1452:  13%|█▎        | 51/391 [00:01<00:11, 29.77it/s]
Epoch 0 train | loss = 2.225478, acc = 0.1452:  14%|█▍        | 55/391 [00:01<00:11, 30.09it/s]
Epoch 0 train | loss = 2.220771, acc = 0.1472:  14%|█▍        | 55/391 [00:01<00:11, 30.09it/s]
Epoch 0 train | loss = 2.216737, acc = 0.1486:  14%|█▍        | 55/391 [00:01<00:11, 30.09it/s]
Epoch 0 train | loss = 2.214145, acc = 0.1491:  14%|█▍        | 55/391 [00:01<00:11, 30.09it/s]
Epoch 0 train | loss = 2.210073, acc = 0.1511:  14%|█▍        | 55/391 [00:02<00:11, 30.09it/s]
Epoch 0 train | loss = 2.210073, acc = 0.1511:  15%|█▌        | 59/391 [00:02<00:10, 30.42it/s]
Epoch 0 train | loss = 2.207238, acc = 0.1523:  15%|█▌        | 59/391 [00:02<00:10, 30.42it/s]
Epoch 0 train | loss = 2.206266, acc = 0.1532:  15%|█▌        | 59/391 [00:02<00:10, 30.42it/s]
Epoch 0 train | loss = 2.202922, acc = 0.1545:  15%|█▌        | 59/391 [00:02<00:10, 30.42it/s]
Epoch 0 train | loss = 2.199437, acc = 0.1562:  15%|█▌        | 59/391 [00:02<00:10, 30.42it/s]
Epoch 0 train | loss = 2.199437, acc = 0.1562:  16%|█▌        | 63/391 [00:02<00:10, 30.51it/s]
Epoch 0 train | loss = 2.195599, acc = 0.1578:  16%|█▌        | 63/391 [00:02<00:10, 30.51it/s]
Epoch 0 train | loss = 2.191245, acc = 0.1596:  16%|█▌        | 63/391 [00:02<00:10, 30.51it/s]
Epoch 0 train | loss = 2.192257, acc = 0.1607:  16%|█▌        | 63/391 [00:02<00:10, 30.51it/s]
Epoch 0 train | loss = 2.190695, acc = 0.1617:  16%|█▌        | 63/391 [00:02<00:10, 30.51it/s]
Epoch 0 train | loss = 2.190695, acc = 0.1617:  17%|█▋        | 67/391 [00:02<00:10, 30.39it/s]
Epoch 0 train | loss = 2.190870, acc = 0.1626:  17%|█▋        | 67/391 [00:02<00:10, 30.39it/s]
Epoch 0 train | loss = 2.189081, acc = 0.1635:  17%|█▋        | 67/391 [00:02<00:10, 30.39it/s]
Epoch 0 train | loss = 2.187919, acc = 0.1640:  17%|█▋        | 67/391 [00:02<00:10, 30.39it/s]
Epoch 0 train | loss = 2.187146, acc = 0.1644:  17%|█▋        | 67/391 [00:02<00:10, 30.39it/s]
Epoch 0 train | loss = 2.187146, acc = 0.1644:  18%|█▊        | 71/391 [00:02<00:10, 30.54it/s]
Epoch 0 train | loss = 2.186603, acc = 0.1646:  18%|█▊        | 71/391 [00:02<00:10, 30.54it/s]
Epoch 0 train | loss = 2.186309, acc = 0.1648:  18%|█▊        | 71/391 [00:02<00:10, 30.54it/s]
Epoch 0 train | loss = 2.185441, acc = 0.1646:  18%|█▊        | 71/391 [00:02<00:10, 30.54it/s]
Epoch 0 train | loss = 2.183362, acc = 0.1650:  18%|█▊        | 71/391 [00:02<00:10, 30.54it/s]
Epoch 0 train | loss = 2.183362, acc = 0.1650:  19%|█▉        | 75/391 [00:02<00:10, 30.22it/s]
Epoch 0 train | loss = 2.181777, acc = 0.1659:  19%|█▉        | 75/391 [00:02<00:10, 30.22it/s]
Epoch 0 train | loss = 2.184061, acc = 0.1657:  19%|█▉        | 75/391 [00:02<00:10, 30.22it/s]
Epoch 0 train | loss = 2.183687, acc = 0.1652:  19%|█▉        | 75/391 [00:02<00:10, 30.22it/s]
Epoch 0 train | loss = 2.183142, acc = 0.1652:  19%|█▉        | 75/391 [00:02<00:10, 30.22it/s]
Epoch 0 train | loss = 2.183142, acc = 0.1652:  20%|██        | 79/391 [00:02<00:10, 30.41it/s]
Epoch 0 train | loss = 2.181240, acc = 0.1651:  20%|██        | 79/391 [00:02<00:10, 30.41it/s]
Epoch 0 train | loss = 2.179445, acc = 0.1652:  20%|██        | 79/391 [00:02<00:10, 30.41it/s]
Epoch 0 train | loss = 2.177083, acc = 0.1656:  20%|██        | 79/391 [00:02<00:10, 30.41it/s]
Epoch 0 train | loss = 2.175437, acc = 0.1665:  20%|██        | 79/391 [00:02<00:10, 30.41it/s]
Epoch 0 train | loss = 2.175437, acc = 0.1665:  21%|██        | 83/391 [00:02<00:10, 30.46it/s]
Epoch 0 train | loss = 2.173041, acc = 0.1673:  21%|██        | 83/391 [00:02<00:10, 30.46it/s]
Epoch 0 train | loss = 2.172815, acc = 0.1678:  21%|██        | 83/391 [00:02<00:10, 30.46it/s]
Epoch 0 train | loss = 2.171548, acc = 0.1683:  21%|██        | 83/391 [00:02<00:10, 30.46it/s]
Epoch 0 train | loss = 2.170694, acc = 0.1689:  21%|██        | 83/391 [00:02<00:10, 30.46it/s]
Epoch 0 train | loss = 2.170694, acc = 0.1689:  22%|██▏       | 87/391 [00:02<00:10, 30.36it/s]
Epoch 0 train | loss = 2.168948, acc = 0.1695:  22%|██▏       | 87/391 [00:02<00:10, 30.36it/s]
Epoch 0 train | loss = 2.166886, acc = 0.1706:  22%|██▏       | 87/391 [00:03<00:10, 30.36it/s]
Epoch 0 train | loss = 2.165811, acc = 0.1707:  22%|██▏       | 87/391 [00:03<00:10, 30.36it/s]
Epoch 0 train | loss = 2.164450, acc = 0.1704:  22%|██▏       | 87/391 [00:03<00:10, 30.36it/s]
Epoch 0 train | loss = 2.164450, acc = 0.1704:  23%|██▎       | 91/391 [00:03<00:09, 30.55it/s]
Epoch 0 train | loss = 2.162918, acc = 0.1702:  23%|██▎       | 91/391 [00:03<00:09, 30.55it/s]
Epoch 0 train | loss = 2.161166, acc = 0.1705:  23%|██▎       | 91/391 [00:03<00:09, 30.55it/s]
Epoch 0 train | loss = 2.160163, acc = 0.1702:  23%|██▎       | 91/391 [00:03<00:09, 30.55it/s]
Epoch 0 train | loss = 2.158490, acc = 0.1701:  23%|██▎       | 91/391 [00:03<00:09, 30.55it/s]
Epoch 0 train | loss = 2.158490, acc = 0.1701:  24%|██▍       | 95/391 [00:03<00:09, 30.71it/s]
Epoch 0 train | loss = 2.157497, acc = 0.1702:  24%|██▍       | 95/391 [00:03<00:09, 30.71it/s]
Epoch 0 train | loss = 2.155734, acc = 0.1699:  24%|██▍       | 95/391 [00:03<00:09, 30.71it/s]
Epoch 0 train | loss = 2.154579, acc = 0.1704:  24%|██▍       | 95/391 [00:03<00:09, 30.71it/s]
Epoch 0 train | loss = 2.152187, acc = 0.1706:  24%|██▍       | 95/391 [00:03<00:09, 30.71it/s]
Epoch 0 train | loss = 2.152187, acc = 0.1706:  25%|██▌       | 99/391 [00:03<00:09, 30.81it/s]
Epoch 0 train | loss = 2.151067, acc = 0.1710:  25%|██▌       | 99/391 [00:03<00:09, 30.81it/s]
Epoch 0 train | loss = 2.149509, acc = 0.1717:  25%|██▌       | 99/391 [00:03<00:09, 30.81it/s]
Epoch 0 train | loss = 2.148763, acc = 0.1718:  25%|██▌       | 99/391 [00:03<00:09, 30.81it/s]
Epoch 0 train | loss = 2.146868, acc = 0.1723:  25%|██▌       | 99/391 [00:03<00:09, 30.81it/s]
Epoch 0 train | loss = 2.146868, acc = 0.1723:  26%|██▋       | 103/391 [00:03<00:09, 30.77it/s]
Epoch 0 train | loss = 2.145385, acc = 0.1727:  26%|██▋       | 103/391 [00:03<00:09, 30.77it/s]
Epoch 0 train | loss = 2.143197, acc = 0.1737:  26%|██▋       | 103/391 [00:03<00:09, 30.77it/s]
Epoch 0 train | loss = 2.141218, acc = 0.1745:  26%|██▋       | 103/391 [00:03<00:09, 30.77it/s]
Epoch 0 train | loss = 2.140110, acc = 0.1747:  26%|██▋       | 103/391 [00:03<00:09, 30.77it/s]
Epoch 0 train | loss = 2.140110, acc = 0.1747:  27%|██▋       | 107/391 [00:03<00:09, 30.54it/s]
Epoch 0 train | loss = 2.139038, acc = 0.1756:  27%|██▋       | 107/391 [00:03<00:09, 30.54it/s]
Epoch 0 train | loss = 2.136798, acc = 0.1768:  27%|██▋       | 107/391 [00:03<00:09, 30.54it/s]
Epoch 0 train | loss = 2.135158, acc = 0.1776:  27%|██▋       | 107/391 [00:03<00:09, 30.54it/s]
Epoch 0 train | loss = 2.133001, acc = 0.1790:  27%|██▋       | 107/391 [00:03<00:09, 30.54it/s]
Epoch 0 train | loss = 2.133001, acc = 0.1790:  28%|██▊       | 111/391 [00:03<00:09, 30.62it/s]
Epoch 0 train | loss = 2.131985, acc = 0.1792:  28%|██▊       | 111/391 [00:03<00:09, 30.62it/s]
Epoch 0 train | loss = 2.129827, acc = 0.1800:  28%|██▊       | 111/391 [00:03<00:09, 30.62it/s]
Epoch 0 train | loss = 2.128984, acc = 0.1801:  28%|██▊       | 111/391 [00:03<00:09, 30.62it/s]
Epoch 0 train | loss = 2.128148, acc = 0.1802:  28%|██▊       | 111/391 [00:03<00:09, 30.62it/s]
Epoch 0 train | loss = 2.128148, acc = 0.1802:  29%|██▉       | 115/391 [00:03<00:08, 30.75it/s]
Epoch 0 train | loss = 2.127116, acc = 0.1800:  29%|██▉       | 115/391 [00:03<00:08, 30.75it/s]
Epoch 0 train | loss = 2.126224, acc = 0.1801:  29%|██▉       | 115/391 [00:03<00:08, 30.75it/s]
Epoch 0 train | loss = 2.124749, acc = 0.1803:  29%|██▉       | 115/391 [00:03<00:08, 30.75it/s]
Epoch 0 train | loss = 2.123546, acc = 0.1807:  29%|██▉       | 115/391 [00:03<00:08, 30.75it/s]
Epoch 0 train | loss = 2.123546, acc = 0.1807:  30%|███       | 119/391 [00:03<00:08, 30.87it/s]
Epoch 0 train | loss = 2.122659, acc = 0.1812:  30%|███       | 119/391 [00:04<00:08, 30.87it/s]
Epoch 0 train | loss = 2.120791, acc = 0.1827:  30%|███       | 119/391 [00:04<00:08, 30.87it/s]
Epoch 0 train | loss = 2.118641, acc = 0.1831:  30%|███       | 119/391 [00:04<00:08, 30.87it/s]
Epoch 0 train | loss = 2.117186, acc = 0.1834:  30%|███       | 119/391 [00:04<00:08, 30.87it/s]
Epoch 0 train | loss = 2.117186, acc = 0.1834:  31%|███▏      | 123/391 [00:04<00:08, 30.71it/s]
Epoch 0 train | loss = 2.116189, acc = 0.1836:  31%|███▏      | 123/391 [00:04<00:08, 30.71it/s]
Epoch 0 train | loss = 2.114883, acc = 0.1837:  31%|███▏      | 123/391 [00:04<00:08, 30.71it/s]
Epoch 0 train | loss = 2.113268, acc = 0.1842:  31%|███▏      | 123/391 [00:04<00:08, 30.71it/s]
Epoch 0 train | loss = 2.112104, acc = 0.1848:  31%|███▏      | 123/391 [00:04<00:08, 30.71it/s]
Epoch 0 train | loss = 2.112104, acc = 0.1848:  32%|███▏      | 127/391 [00:04<00:08, 30.68it/s]
Epoch 0 train | loss = 2.109608, acc = 0.1860:  32%|███▏      | 127/391 [00:04<00:08, 30.68it/s]
Epoch 0 train | loss = 2.108693, acc = 0.1862:  32%|███▏      | 127/391 [00:04<00:08, 30.68it/s]
Epoch 0 train | loss = 2.106874, acc = 0.1873:  32%|███▏      | 127/391 [00:04<00:08, 30.68it/s]
Epoch 0 train | loss = 2.105013, acc = 0.1885:  32%|███▏      | 127/391 [00:04<00:08, 30.68it/s]
Epoch 0 train | loss = 2.105013, acc = 0.1885:  34%|███▎      | 131/391 [00:04<00:08, 30.80it/s]
Epoch 0 train | loss = 2.102266, acc = 0.1896:  34%|███▎      | 131/391 [00:04<00:08, 30.80it/s]
Epoch 0 train | loss = 2.100534, acc = 0.1899:  34%|███▎      | 131/391 [00:04<00:08, 30.80it/s]
Epoch 0 train | loss = 2.099296, acc = 0.1906:  34%|███▎      | 131/391 [00:04<00:08, 30.80it/s]
Epoch 0 train | loss = 2.098222, acc = 0.1909:  34%|███▎      | 131/391 [00:04<00:08, 30.80it/s]
Epoch 0 train | loss = 2.098222, acc = 0.1909:  35%|███▍      | 135/391 [00:04<00:08, 30.89it/s]
Epoch 0 train | loss = 2.096398, acc = 0.1916:  35%|███▍      | 135/391 [00:04<00:08, 30.89it/s]
Epoch 0 train | loss = 2.094731, acc = 0.1929:  35%|███▍      | 135/391 [00:04<00:08, 30.89it/s]
Epoch 0 train | loss = 2.093192, acc = 0.1938:  35%|███▍      | 135/391 [00:04<00:08, 30.89it/s]
Epoch 0 train | loss = 2.091420, acc = 0.1944:  35%|███▍      | 135/391 [00:04<00:08, 30.89it/s]
Epoch 0 train | loss = 2.091420, acc = 0.1944:  36%|███▌      | 139/391 [00:04<00:08, 30.61it/s]
Epoch 0 train | loss = 2.089412, acc = 0.1948:  36%|███▌      | 139/391 [00:04<00:08, 30.61it/s]
Epoch 0 train | loss = 2.087856, acc = 0.1956:  36%|███▌      | 139/391 [00:04<00:08, 30.61it/s]
Epoch 0 train | loss = 2.086226, acc = 0.1967:  36%|███▌      | 139/391 [00:04<00:08, 30.61it/s]
Epoch 0 train | loss = 2.084597, acc = 0.1977:  36%|███▌      | 139/391 [00:04<00:08, 30.61it/s]
Epoch 0 train | loss = 2.084597, acc = 0.1977:  37%|███▋      | 143/391 [00:04<00:08, 30.46it/s]
Epoch 0 train | loss = 2.083434, acc = 0.1982:  37%|███▋      | 143/391 [00:04<00:08, 30.46it/s]
Epoch 0 train | loss = 2.082550, acc = 0.1987:  37%|███▋      | 143/391 [00:04<00:08, 30.46it/s]
Epoch 0 train | loss = 2.081370, acc = 0.1990:  37%|███▋      | 143/391 [00:04<00:08, 30.46it/s]
Epoch 0 train | loss = 2.080758, acc = 0.1995:  37%|███▋      | 143/391 [00:04<00:08, 30.46it/s]
Epoch 0 train | loss = 2.080758, acc = 0.1995:  38%|███▊      | 147/391 [00:04<00:08, 30.47it/s]
Epoch 0 train | loss = 2.079535, acc = 0.2001:  38%|███▊      | 147/391 [00:04<00:08, 30.47it/s]
Epoch 0 train | loss = 2.078845, acc = 0.2001:  38%|███▊      | 147/391 [00:04<00:08, 30.47it/s]
Epoch 0 train | loss = 2.077922, acc = 0.2003:  38%|███▊      | 147/391 [00:04<00:08, 30.47it/s]
Epoch 0 train | loss = 2.076413, acc = 0.2010:  38%|███▊      | 147/391 [00:05<00:08, 30.47it/s]
Epoch 0 train | loss = 2.076413, acc = 0.2010:  39%|███▊      | 151/391 [00:05<00:07, 30.64it/s]
Epoch 0 train | loss = 2.074852, acc = 0.2018:  39%|███▊      | 151/391 [00:05<00:07, 30.64it/s]
Epoch 0 train | loss = 2.074120, acc = 0.2020:  39%|███▊      | 151/391 [00:05<00:07, 30.64it/s]
Epoch 0 train | loss = 2.072249, acc = 0.2029:  39%|███▊      | 151/391 [00:05<00:07, 30.64it/s]
Epoch 0 train | loss = 2.070281, acc = 0.2033:  39%|███▊      | 151/391 [00:05<00:07, 30.64it/s]
Epoch 0 train | loss = 2.070281, acc = 0.2033:  40%|███▉      | 155/391 [00:05<00:07, 30.66it/s]
Epoch 0 train | loss = 2.068974, acc = 0.2036:  40%|███▉      | 155/391 [00:05<00:07, 30.66it/s]
Epoch 0 train | loss = 2.067661, acc = 0.2040:  40%|███▉      | 155/391 [00:05<00:07, 30.66it/s]
Epoch 0 train | loss = 2.066086, acc = 0.2046:  40%|███▉      | 155/391 [00:05<00:07, 30.66it/s]
Epoch 0 train | loss = 2.064735, acc = 0.2053:  40%|███▉      | 155/391 [00:05<00:07, 30.66it/s]
Epoch 0 train | loss = 2.064735, acc = 0.2053:  41%|████      | 159/391 [00:05<00:07, 30.52it/s]
Epoch 0 train | loss = 2.062925, acc = 0.2058:  41%|████      | 159/391 [00:05<00:07, 30.52it/s]
Epoch 0 train | loss = 2.062151, acc = 0.2066:  41%|████      | 159/391 [00:05<00:07, 30.52it/s]
Epoch 0 train | loss = 2.060765, acc = 0.2075:  41%|████      | 159/391 [00:05<00:07, 30.52it/s]
Epoch 0 train | loss = 2.059742, acc = 0.2079:  41%|████      | 159/391 [00:05<00:07, 30.52it/s]
Epoch 0 train | loss = 2.059742, acc = 0.2079:  42%|████▏     | 163/391 [00:05<00:07, 29.94it/s]
Epoch 0 train | loss = 2.058598, acc = 0.2082:  42%|████▏     | 163/391 [00:05<00:07, 29.94it/s]
Epoch 0 train | loss = 2.057280, acc = 0.2092:  42%|████▏     | 163/391 [00:05<00:07, 29.94it/s]
Epoch 0 train | loss = 2.056234, acc = 0.2097:  42%|████▏     | 163/391 [00:05<00:07, 29.94it/s]
Epoch 0 train | loss = 2.055254, acc = 0.2100:  42%|████▏     | 163/391 [00:05<00:07, 29.94it/s]
Epoch 0 train | loss = 2.055254, acc = 0.2100:  43%|████▎     | 167/391 [00:05<00:07, 30.21it/s]
Epoch 0 train | loss = 2.054054, acc = 0.2103:  43%|████▎     | 167/391 [00:05<00:07, 30.21it/s]
Epoch 0 train | loss = 2.053363, acc = 0.2107:  43%|████▎     | 167/391 [00:05<00:07, 30.21it/s]
Epoch 0 train | loss = 2.052121, acc = 0.2109:  43%|████▎     | 167/391 [00:05<00:07, 30.21it/s]
Epoch 0 train | loss = 2.051225, acc = 0.2112:  43%|████▎     | 167/391 [00:05<00:07, 30.21it/s]
Epoch 0 train | loss = 2.051225, acc = 0.2112:  44%|████▎     | 171/391 [00:05<00:07, 30.45it/s]
Epoch 0 train | loss = 2.050323, acc = 0.2113:  44%|████▎     | 171/391 [00:05<00:07, 30.45it/s]
Epoch 0 train | loss = 2.049812, acc = 0.2118:  44%|████▎     | 171/391 [00:05<00:07, 30.45it/s]
Epoch 0 train | loss = 2.048554, acc = 0.2123:  44%|████▎     | 171/391 [00:05<00:07, 30.45it/s]
Epoch 0 train | loss = 2.047854, acc = 0.2131:  44%|████▎     | 171/391 [00:05<00:07, 30.45it/s]
Epoch 0 train | loss = 2.047854, acc = 0.2131:  45%|████▍     | 175/391 [00:05<00:07, 30.61it/s]
Epoch 0 train | loss = 2.046695, acc = 0.2139:  45%|████▍     | 175/391 [00:05<00:07, 30.61it/s]
Epoch 0 train | loss = 2.045736, acc = 0.2142:  45%|████▍     | 175/391 [00:05<00:07, 30.61it/s]
Epoch 0 train | loss = 2.043879, acc = 0.2150:  45%|████▍     | 175/391 [00:05<00:07, 30.61it/s]
Epoch 0 train | loss = 2.042294, acc = 0.2156:  45%|████▍     | 175/391 [00:05<00:07, 30.61it/s]
Epoch 0 train | loss = 2.042294, acc = 0.2156:  46%|████▌     | 179/391 [00:05<00:06, 30.56it/s]
Epoch 0 train | loss = 2.041010, acc = 0.2159:  46%|████▌     | 179/391 [00:05<00:06, 30.56it/s]
Epoch 0 train | loss = 2.039050, acc = 0.2165:  46%|████▌     | 179/391 [00:06<00:06, 30.56it/s]
Epoch 0 train | loss = 2.038044, acc = 0.2166:  46%|████▌     | 179/391 [00:06<00:06, 30.56it/s]
Epoch 0 train | loss = 2.037019, acc = 0.2171:  46%|████▌     | 179/391 [00:06<00:06, 30.56it/s]
Epoch 0 train | loss = 2.037019, acc = 0.2171:  47%|████▋     | 183/391 [00:06<00:06, 30.45it/s]
Epoch 0 train | loss = 2.035528, acc = 0.2180:  47%|████▋     | 183/391 [00:06<00:06, 30.45it/s]
Epoch 0 train | loss = 2.034255, acc = 0.2189:  47%|████▋     | 183/391 [00:06<00:06, 30.45it/s]
Epoch 0 train | loss = 2.033478, acc = 0.2193:  47%|████▋     | 183/391 [00:06<00:06, 30.45it/s]
Epoch 0 train | loss = 2.031712, acc = 0.2198:  47%|████▋     | 183/391 [00:06<00:06, 30.45it/s]
Epoch 0 train | loss = 2.031712, acc = 0.2198:  48%|████▊     | 187/391 [00:06<00:06, 30.60it/s]
Epoch 0 train | loss = 2.029575, acc = 0.2210:  48%|████▊     | 187/391 [00:06<00:06, 30.60it/s]
Epoch 0 train | loss = 2.028687, acc = 0.2214:  48%|████▊     | 187/391 [00:06<00:06, 30.60it/s]
Epoch 0 train | loss = 2.027913, acc = 0.2219:  48%|████▊     | 187/391 [00:06<00:06, 30.60it/s]
Epoch 0 train | loss = 2.026296, acc = 0.2227:  48%|████▊     | 187/391 [00:06<00:06, 30.60it/s]
Epoch 0 train | loss = 2.026296, acc = 0.2227:  49%|████▉     | 191/391 [00:06<00:06, 30.51it/s]
Epoch 0 train | loss = 2.025851, acc = 0.2227:  49%|████▉     | 191/391 [00:06<00:06, 30.51it/s]
Epoch 0 train | loss = 2.024102, acc = 0.2236:  49%|████▉     | 191/391 [00:06<00:06, 30.51it/s]
Epoch 0 train | loss = 2.023099, acc = 0.2241:  49%|████▉     | 191/391 [00:06<00:06, 30.51it/s]
Epoch 0 train | loss = 2.021686, acc = 0.2246:  49%|████▉     | 191/391 [00:06<00:06, 30.51it/s]
Epoch 0 train | loss = 2.021686, acc = 0.2246:  50%|████▉     | 195/391 [00:06<00:06, 30.67it/s]
Epoch 0 train | loss = 2.020250, acc = 0.2252:  50%|████▉     | 195/391 [00:06<00:06, 30.67it/s]
Epoch 0 train | loss = 2.019042, acc = 0.2258:  50%|████▉     | 195/391 [00:06<00:06, 30.67it/s]
Epoch 0 train | loss = 2.017843, acc = 0.2261:  50%|████▉     | 195/391 [00:06<00:06, 30.67it/s]
Epoch 0 train | loss = 2.016539, acc = 0.2270:  50%|████▉     | 195/391 [00:06<00:06, 30.67it/s]
Epoch 0 train | loss = 2.016539, acc = 0.2270:  51%|█████     | 199/391 [00:06<00:06, 30.51it/s]
Epoch 0 train | loss = 2.015179, acc = 0.2278:  51%|█████     | 199/391 [00:06<00:06, 30.51it/s]
Epoch 0 train | loss = 2.013608, acc = 0.2286:  51%|█████     | 199/391 [00:06<00:06, 30.51it/s]
Epoch 0 train | loss = 2.012198, acc = 0.2290:  51%|█████     | 199/391 [00:06<00:06, 30.51it/s]
Epoch 0 train | loss = 2.011355, acc = 0.2295:  51%|█████     | 199/391 [00:06<00:06, 30.51it/s]
Epoch 0 train | loss = 2.011355, acc = 0.2295:  52%|█████▏    | 203/391 [00:06<00:06, 30.15it/s]
Epoch 0 train | loss = 2.010010, acc = 0.2302:  52%|█████▏    | 203/391 [00:06<00:06, 30.15it/s]
Epoch 0 train | loss = 2.009565, acc = 0.2308:  52%|█████▏    | 203/391 [00:06<00:06, 30.15it/s]
Epoch 0 train | loss = 2.008455, acc = 0.2313:  52%|█████▏    | 203/391 [00:06<00:06, 30.15it/s]
Epoch 0 train | loss = 2.006252, acc = 0.2323:  52%|█████▏    | 203/391 [00:06<00:06, 30.15it/s]
Epoch 0 train | loss = 2.006252, acc = 0.2323:  53%|█████▎    | 207/391 [00:06<00:06, 30.37it/s]
Epoch 0 train | loss = 2.004812, acc = 0.2333:  53%|█████▎    | 207/391 [00:06<00:06, 30.37it/s]
Epoch 0 train | loss = 2.004425, acc = 0.2336:  53%|█████▎    | 207/391 [00:06<00:06, 30.37it/s]
Epoch 0 train | loss = 2.003825, acc = 0.2336:  53%|█████▎    | 207/391 [00:06<00:06, 30.37it/s]
Epoch 0 train | loss = 2.003181, acc = 0.2339:  53%|█████▎    | 207/391 [00:07<00:06, 30.37it/s]
Epoch 0 train | loss = 2.003181, acc = 0.2339:  54%|█████▍    | 211/391 [00:07<00:05, 30.54it/s]
Epoch 0 train | loss = 2.002471, acc = 0.2345:  54%|█████▍    | 211/391 [00:07<00:05, 30.54it/s]
Epoch 0 train | loss = 2.001678, acc = 0.2350:  54%|█████▍    | 211/391 [00:07<00:05, 30.54it/s]
Epoch 0 train | loss = 2.002026, acc = 0.2351:  54%|█████▍    | 211/391 [00:07<00:05, 30.54it/s]
Epoch 0 train | loss = 2.001186, acc = 0.2356:  54%|█████▍    | 211/391 [00:07<00:05, 30.54it/s]
Epoch 0 train | loss = 2.001186, acc = 0.2356:  55%|█████▍    | 215/391 [00:07<00:05, 30.64it/s]
Epoch 0 train | loss = 2.000256, acc = 0.2360:  55%|█████▍    | 215/391 [00:07<00:05, 30.64it/s]
Epoch 0 train | loss = 1.999418, acc = 0.2365:  55%|█████▍    | 215/391 [00:07<00:05, 30.64it/s]
Epoch 0 train | loss = 1.998476, acc = 0.2370:  55%|█████▍    | 215/391 [00:07<00:05, 30.64it/s]
Epoch 0 train | loss = 1.997085, acc = 0.2375:  55%|█████▍    | 215/391 [00:07<00:05, 30.64it/s]
Epoch 0 train | loss = 1.997085, acc = 0.2375:  56%|█████▌    | 219/391 [00:07<00:05, 30.58it/s]
Epoch 0 train | loss = 1.996717, acc = 0.2378:  56%|█████▌    | 219/391 [00:07<00:05, 30.58it/s]
Epoch 0 train | loss = 1.995989, acc = 0.2382:  56%|█████▌    | 219/391 [00:07<00:05, 30.58it/s]
Epoch 0 train | loss = 1.995596, acc = 0.2382:  56%|█████▌    | 219/391 [00:07<00:05, 30.58it/s]
Epoch 0 train | loss = 1.994141, acc = 0.2384:  56%|█████▌    | 219/391 [00:07<00:05, 30.58it/s]
Epoch 0 train | loss = 1.994141, acc = 0.2384:  57%|█████▋    | 223/391 [00:07<00:05, 30.57it/s]
Epoch 0 train | loss = 1.993507, acc = 0.2387:  57%|█████▋    | 223/391 [00:07<00:05, 30.57it/s]
Epoch 0 train | loss = 1.993209, acc = 0.2386:  57%|█████▋    | 223/391 [00:07<00:05, 30.57it/s]
Epoch 0 train | loss = 1.992843, acc = 0.2388:  57%|█████▋    | 223/391 [00:07<00:05, 30.57it/s]
Epoch 0 train | loss = 1.992136, acc = 0.2392:  57%|█████▋    | 223/391 [00:07<00:05, 30.57it/s]
Epoch 0 train | loss = 1.992136, acc = 0.2392:  58%|█████▊    | 227/391 [00:07<00:05, 30.43it/s]
Epoch 0 train | loss = 1.991652, acc = 0.2396:  58%|█████▊    | 227/391 [00:07<00:05, 30.43it/s]
Epoch 0 train | loss = 1.990747, acc = 0.2403:  58%|█████▊    | 227/391 [00:07<00:05, 30.43it/s]
Epoch 0 train | loss = 1.990252, acc = 0.2403:  58%|█████▊    | 227/391 [00:07<00:05, 30.43it/s]
Epoch 0 train | loss = 1.989833, acc = 0.2406:  58%|█████▊    | 227/391 [00:07<00:05, 30.43it/s]
Epoch 0 train | loss = 1.989833, acc = 0.2406:  59%|█████▉    | 231/391 [00:07<00:05, 30.52it/s]
Epoch 0 train | loss = 1.989104, acc = 0.2405:  59%|█████▉    | 231/391 [00:07<00:05, 30.52it/s]
Epoch 0 train | loss = 1.987893, acc = 0.2407:  59%|█████▉    | 231/391 [00:07<00:05, 30.52it/s]
Epoch 0 train | loss = 1.987425, acc = 0.2409:  59%|█████▉    | 231/391 [00:07<00:05, 30.52it/s]
Epoch 0 train | loss = 1.986490, acc = 0.2414:  59%|█████▉    | 231/391 [00:07<00:05, 30.52it/s]
Epoch 0 train | loss = 1.986490, acc = 0.2414:  60%|██████    | 235/391 [00:07<00:05, 29.87it/s]
Epoch 0 train | loss = 1.985565, acc = 0.2417:  60%|██████    | 235/391 [00:07<00:05, 29.87it/s]
Epoch 0 train | loss = 1.984394, acc = 0.2421:  60%|██████    | 235/391 [00:07<00:05, 29.87it/s]
Epoch 0 train | loss = 1.983220, acc = 0.2428:  60%|██████    | 235/391 [00:07<00:05, 29.87it/s]
Epoch 0 train | loss = 1.983220, acc = 0.2428:  61%|██████    | 238/391 [00:07<00:05, 29.74it/s]
Epoch 0 train | loss = 1.982161, acc = 0.2434:  61%|██████    | 238/391 [00:07<00:05, 29.74it/s]
Epoch 0 train | loss = 1.981393, acc = 0.2437:  61%|██████    | 238/391 [00:07<00:05, 29.74it/s]
Epoch 0 train | loss = 1.980825, acc = 0.2440:  61%|██████    | 238/391 [00:07<00:05, 29.74it/s]
Epoch 0 train | loss = 1.980592, acc = 0.2443:  61%|██████    | 238/391 [00:08<00:05, 29.74it/s]
Epoch 0 train | loss = 1.980592, acc = 0.2443:  62%|██████▏   | 242/391 [00:08<00:04, 29.94it/s]
Epoch 0 train | loss = 1.980113, acc = 0.2443:  62%|██████▏   | 242/391 [00:08<00:04, 29.94it/s]
Epoch 0 train | loss = 1.979837, acc = 0.2444:  62%|██████▏   | 242/391 [00:08<00:04, 29.94it/s]
Epoch 0 train | loss = 1.979303, acc = 0.2447:  62%|██████▏   | 242/391 [00:08<00:04, 29.94it/s]
Epoch 0 train | loss = 1.978611, acc = 0.2451:  62%|██████▏   | 242/391 [00:08<00:04, 29.94it/s]
Epoch 0 train | loss = 1.978611, acc = 0.2451:  63%|██████▎   | 246/391 [00:08<00:04, 30.22it/s]
Epoch 0 train | loss = 1.978135, acc = 0.2454:  63%|██████▎   | 246/391 [00:08<00:04, 30.22it/s]
Epoch 0 train | loss = 1.978480, acc = 0.2452:  63%|██████▎   | 246/391 [00:08<00:04, 30.22it/s]
Epoch 0 train | loss = 1.978473, acc = 0.2452:  63%|██████▎   | 246/391 [00:08<00:04, 30.22it/s]
Epoch 0 train | loss = 1.977758, acc = 0.2455:  63%|██████▎   | 246/391 [00:08<00:04, 30.22it/s]
Epoch 0 train | loss = 1.977758, acc = 0.2455:  64%|██████▍   | 250/391 [00:08<00:04, 30.44it/s]
Epoch 0 train | loss = 1.976764, acc = 0.2458:  64%|██████▍   | 250/391 [00:08<00:04, 30.44it/s]
Epoch 0 train | loss = 1.976139, acc = 0.2458:  64%|██████▍   | 250/391 [00:08<00:04, 30.44it/s]
Epoch 0 train | loss = 1.975471, acc = 0.2460:  64%|██████▍   | 250/391 [00:08<00:04, 30.44it/s]
Epoch 0 train | loss = 1.975242, acc = 0.2462:  64%|██████▍   | 250/391 [00:08<00:04, 30.44it/s]
Epoch 0 train | loss = 1.975242, acc = 0.2462:  65%|██████▍   | 254/391 [00:08<00:04, 30.52it/s]
Epoch 0 train | loss = 1.974535, acc = 0.2464:  65%|██████▍   | 254/391 [00:08<00:04, 30.52it/s]
Epoch 0 train | loss = 1.973636, acc = 0.2467:  65%|██████▍   | 254/391 [00:08<00:04, 30.52it/s]
Epoch 0 train | loss = 1.972867, acc = 0.2471:  65%|██████▍   | 254/391 [00:08<00:04, 30.52it/s]
Epoch 0 train | loss = 1.972087, acc = 0.2474:  65%|██████▍   | 254/391 [00:08<00:04, 30.52it/s]
Epoch 0 train | loss = 1.972087, acc = 0.2474:  66%|██████▌   | 258/391 [00:08<00:04, 30.35it/s]
Epoch 0 train | loss = 1.971132, acc = 0.2479:  66%|██████▌   | 258/391 [00:08<00:04, 30.35it/s]
Epoch 0 train | loss = 1.969788, acc = 0.2482:  66%|██████▌   | 258/391 [00:08<00:04, 30.35it/s]
Epoch 0 train | loss = 1.969446, acc = 0.2485:  66%|██████▌   | 258/391 [00:08<00:04, 30.35it/s]
Epoch 0 train | loss = 1.968152, acc = 0.2492:  66%|██████▌   | 258/391 [00:08<00:04, 30.35it/s]
Epoch 0 train | loss = 1.968152, acc = 0.2492:  67%|██████▋   | 262/391 [00:08<00:04, 30.45it/s]
Epoch 0 train | loss = 1.967767, acc = 0.2495:  67%|██████▋   | 262/391 [00:08<00:04, 30.45it/s]
Epoch 0 train | loss = 1.967299, acc = 0.2499:  67%|██████▋   | 262/391 [00:08<00:04, 30.45it/s]
Epoch 0 train | loss = 1.966781, acc = 0.2503:  67%|██████▋   | 262/391 [00:08<00:04, 30.45it/s]
Epoch 0 train | loss = 1.966484, acc = 0.2505:  67%|██████▋   | 262/391 [00:08<00:04, 30.45it/s]
Epoch 0 train | loss = 1.966484, acc = 0.2505:  68%|██████▊   | 266/391 [00:08<00:04, 30.60it/s]
Epoch 0 train | loss = 1.966286, acc = 0.2508:  68%|██████▊   | 266/391 [00:08<00:04, 30.60it/s]
Epoch 0 train | loss = 1.965757, acc = 0.2509:  68%|██████▊   | 266/391 [00:08<00:04, 30.60it/s]
Epoch 0 train | loss = 1.965203, acc = 0.2508:  68%|██████▊   | 266/391 [00:08<00:04, 30.60it/s]
Epoch 0 train | loss = 1.965088, acc = 0.2511:  68%|██████▊   | 266/391 [00:08<00:04, 30.60it/s]
Epoch 0 train | loss = 1.965088, acc = 0.2511:  69%|██████▉   | 270/391 [00:08<00:03, 30.36it/s]
Epoch 0 train | loss = 1.964291, acc = 0.2514:  69%|██████▉   | 270/391 [00:08<00:03, 30.36it/s]
Epoch 0 train | loss = 1.964146, acc = 0.2514:  69%|██████▉   | 270/391 [00:09<00:03, 30.36it/s]
Epoch 0 train | loss = 1.963384, acc = 0.2520:  69%|██████▉   | 270/391 [00:09<00:03, 30.36it/s]
Epoch 0 train | loss = 1.962742, acc = 0.2521:  69%|██████▉   | 270/391 [00:09<00:03, 30.36it/s]
Epoch 0 train | loss = 1.962742, acc = 0.2521:  70%|███████   | 274/391 [00:09<00:03, 30.43it/s]
Epoch 0 train | loss = 1.961871, acc = 0.2526:  70%|███████   | 274/391 [00:09<00:03, 30.43it/s]
Epoch 0 train | loss = 1.961490, acc = 0.2528:  70%|███████   | 274/391 [00:09<00:03, 30.43it/s]
Epoch 0 train | loss = 1.960914, acc = 0.2531:  70%|███████   | 274/391 [00:09<00:03, 30.43it/s]
Epoch 0 train | loss = 1.960454, acc = 0.2533:  70%|███████   | 274/391 [00:09<00:03, 30.43it/s]
Epoch 0 train | loss = 1.960454, acc = 0.2533:  71%|███████   | 278/391 [00:09<00:03, 30.31it/s]
Epoch 0 train | loss = 1.959883, acc = 0.2535:  71%|███████   | 278/391 [00:09<00:03, 30.31it/s]
Epoch 0 train | loss = 1.958695, acc = 0.2537:  71%|███████   | 278/391 [00:09<00:03, 30.31it/s]
Epoch 0 train | loss = 1.958298, acc = 0.2538:  71%|███████   | 278/391 [00:09<00:03, 30.31it/s]
Epoch 0 train | loss = 1.958474, acc = 0.2539:  71%|███████   | 278/391 [00:09<00:03, 30.31it/s]
Epoch 0 train | loss = 1.958474, acc = 0.2539:  72%|███████▏  | 282/391 [00:09<00:03, 30.62it/s]
Epoch 0 train | loss = 1.957836, acc = 0.2542:  72%|███████▏  | 282/391 [00:09<00:03, 30.62it/s]
Epoch 0 train | loss = 1.957307, acc = 0.2544:  72%|███████▏  | 282/391 [00:09<00:03, 30.62it/s]
Epoch 0 train | loss = 1.956421, acc = 0.2546:  72%|███████▏  | 282/391 [00:09<00:03, 30.62it/s]
Epoch 0 train | loss = 1.955960, acc = 0.2547:  72%|███████▏  | 282/391 [00:09<00:03, 30.62it/s]
Epoch 0 train | loss = 1.955960, acc = 0.2547:  73%|███████▎  | 286/391 [00:09<00:03, 30.85it/s]
Epoch 0 train | loss = 1.955508, acc = 0.2547:  73%|███████▎  | 286/391 [00:09<00:03, 30.85it/s]
Epoch 0 train | loss = 1.954656, acc = 0.2550:  73%|███████▎  | 286/391 [00:09<00:03, 30.85it/s]
Epoch 0 train | loss = 1.954367, acc = 0.2552:  73%|███████▎  | 286/391 [00:09<00:03, 30.85it/s]
Epoch 0 train | loss = 1.954136, acc = 0.2554:  73%|███████▎  | 286/391 [00:09<00:03, 30.85it/s]
Epoch 0 train | loss = 1.954136, acc = 0.2554:  74%|███████▍  | 290/391 [00:09<00:03, 31.03it/s]
Epoch 0 train | loss = 1.953093, acc = 0.2559:  74%|███████▍  | 290/391 [00:09<00:03, 31.03it/s]
Epoch 0 train | loss = 1.952659, acc = 0.2560:  74%|███████▍  | 290/391 [00:09<00:03, 31.03it/s]
Epoch 0 train | loss = 1.951989, acc = 0.2563:  74%|███████▍  | 290/391 [00:09<00:03, 31.03it/s]
Epoch 0 train | loss = 1.951525, acc = 0.2566:  74%|███████▍  | 290/391 [00:09<00:03, 31.03it/s]
Epoch 0 train | loss = 1.951525, acc = 0.2566:  75%|███████▌  | 294/391 [00:09<00:03, 31.06it/s]
Epoch 0 train | loss = 1.950964, acc = 0.2569:  75%|███████▌  | 294/391 [00:09<00:03, 31.06it/s]
Epoch 0 train | loss = 1.950571, acc = 0.2572:  75%|███████▌  | 294/391 [00:09<00:03, 31.06it/s]
Epoch 0 train | loss = 1.950221, acc = 0.2574:  75%|███████▌  | 294/391 [00:09<00:03, 31.06it/s]
Epoch 0 train | loss = 1.949566, acc = 0.2576:  75%|███████▌  | 294/391 [00:09<00:03, 31.06it/s]
Epoch 0 train | loss = 1.949566, acc = 0.2576:  76%|███████▌  | 298/391 [00:09<00:03, 30.78it/s]
Epoch 0 train | loss = 1.948972, acc = 0.2579:  76%|███████▌  | 298/391 [00:09<00:03, 30.78it/s]
Epoch 0 train | loss = 1.948113, acc = 0.2581:  76%|███████▌  | 298/391 [00:09<00:03, 30.78it/s]
Epoch 0 train | loss = 1.948064, acc = 0.2583:  76%|███████▌  | 298/391 [00:09<00:03, 30.78it/s]
Epoch 0 train | loss = 1.948217, acc = 0.2583:  76%|███████▌  | 298/391 [00:09<00:03, 30.78it/s]
Epoch 0 train | loss = 1.948217, acc = 0.2583:  77%|███████▋  | 302/391 [00:09<00:02, 30.76it/s]
Epoch 0 train | loss = 1.947660, acc = 0.2586:  77%|███████▋  | 302/391 [00:10<00:02, 30.76it/s]
Epoch 0 train | loss = 1.946675, acc = 0.2587:  77%|███████▋  | 302/391 [00:10<00:02, 30.76it/s]
Epoch 0 train | loss = 1.946278, acc = 0.2589:  77%|███████▋  | 302/391 [00:10<00:02, 30.76it/s]
Epoch 0 train | loss = 1.946006, acc = 0.2591:  77%|███████▋  | 302/391 [00:10<00:02, 30.76it/s]
Epoch 0 train | loss = 1.946006, acc = 0.2591:  78%|███████▊  | 306/391 [00:10<00:02, 30.67it/s]
Epoch 0 train | loss = 1.945220, acc = 0.2592:  78%|███████▊  | 306/391 [00:10<00:02, 30.67it/s]
Epoch 0 train | loss = 1.944753, acc = 0.2594:  78%|███████▊  | 306/391 [00:10<00:02, 30.67it/s]
Epoch 0 train | loss = 1.944350, acc = 0.2596:  78%|███████▊  | 306/391 [00:10<00:02, 30.67it/s]
Epoch 0 train | loss = 1.943923, acc = 0.2598:  78%|███████▊  | 306/391 [00:10<00:02, 30.67it/s]
Epoch 0 train | loss = 1.943923, acc = 0.2598:  79%|███████▉  | 310/391 [00:10<00:02, 30.73it/s]
Epoch 0 train | loss = 1.943666, acc = 0.2599:  79%|███████▉  | 310/391 [00:10<00:02, 30.73it/s]
Epoch 0 train | loss = 1.943164, acc = 0.2602:  79%|███████▉  | 310/391 [00:10<00:02, 30.73it/s]
Epoch 0 train | loss = 1.942632, acc = 0.2604:  79%|███████▉  | 310/391 [00:10<00:02, 30.73it/s]
Epoch 0 train | loss = 1.942210, acc = 0.2606:  79%|███████▉  | 310/391 [00:10<00:02, 30.73it/s]
Epoch 0 train | loss = 1.942210, acc = 0.2606:  80%|████████  | 314/391 [00:10<00:02, 30.64it/s]
Epoch 0 train | loss = 1.941745, acc = 0.2607:  80%|████████  | 314/391 [00:10<00:02, 30.64it/s]
Epoch 0 train | loss = 1.941405, acc = 0.2608:  80%|████████  | 314/391 [00:10<00:02, 30.64it/s]
Epoch 0 train | loss = 1.940303, acc = 0.2612:  80%|████████  | 314/391 [00:10<00:02, 30.64it/s]
Epoch 0 train | loss = 1.939926, acc = 0.2616:  80%|████████  | 314/391 [00:10<00:02, 30.64it/s]
Epoch 0 train | loss = 1.939926, acc = 0.2616:  81%|████████▏ | 318/391 [00:10<00:02, 30.53it/s]
Epoch 0 train | loss = 1.939240, acc = 0.2618:  81%|████████▏ | 318/391 [00:10<00:02, 30.53it/s]
Epoch 0 train | loss = 1.938482, acc = 0.2619:  81%|████████▏ | 318/391 [00:10<00:02, 30.53it/s]
Epoch 0 train | loss = 1.938122, acc = 0.2619:  81%|████████▏ | 318/391 [00:10<00:02, 30.53it/s]
Epoch 0 train | loss = 1.937533, acc = 0.2619:  81%|████████▏ | 318/391 [00:10<00:02, 30.53it/s]
Epoch 0 train | loss = 1.937533, acc = 0.2619:  82%|████████▏ | 322/391 [00:10<00:02, 30.68it/s]
Epoch 0 train | loss = 1.937403, acc = 0.2621:  82%|████████▏ | 322/391 [00:10<00:02, 30.68it/s]
Epoch 0 train | loss = 1.936941, acc = 0.2623:  82%|████████▏ | 322/391 [00:10<00:02, 30.68it/s]
Epoch 0 train | loss = 1.936044, acc = 0.2625:  82%|████████▏ | 322/391 [00:10<00:02, 30.68it/s]
Epoch 0 train | loss = 1.935225, acc = 0.2627:  82%|████████▏ | 322/391 [00:10<00:02, 30.68it/s]
Epoch 0 train | loss = 1.935225, acc = 0.2627:  83%|████████▎ | 326/391 [00:10<00:02, 30.78it/s]
Epoch 0 train | loss = 1.934368, acc = 0.2631:  83%|████████▎ | 326/391 [00:10<00:02, 30.78it/s]
Epoch 0 train | loss = 1.933432, acc = 0.2633:  83%|████████▎ | 326/391 [00:10<00:02, 30.78it/s]
Epoch 0 train | loss = 1.933133, acc = 0.2635:  83%|████████▎ | 326/391 [00:10<00:02, 30.78it/s]
Epoch 0 train | loss = 1.932202, acc = 0.2639:  83%|████████▎ | 326/391 [00:10<00:02, 30.78it/s]
Epoch 0 train | loss = 1.932202, acc = 0.2639:  84%|████████▍ | 330/391 [00:10<00:01, 30.74it/s]
Epoch 0 train | loss = 1.931294, acc = 0.2643:  84%|████████▍ | 330/391 [00:10<00:01, 30.74it/s]
Epoch 0 train | loss = 1.930372, acc = 0.2644:  84%|████████▍ | 330/391 [00:10<00:01, 30.74it/s]
Epoch 0 train | loss = 1.929538, acc = 0.2649:  84%|████████▍ | 330/391 [00:11<00:01, 30.74it/s]
Epoch 0 train | loss = 1.928770, acc = 0.2652:  84%|████████▍ | 330/391 [00:11<00:01, 30.74it/s]
Epoch 0 train | loss = 1.928770, acc = 0.2652:  85%|████████▌ | 334/391 [00:11<00:01, 30.33it/s]
Epoch 0 train | loss = 1.927893, acc = 0.2655:  85%|████████▌ | 334/391 [00:11<00:01, 30.33it/s]
Epoch 0 train | loss = 1.927600, acc = 0.2657:  85%|████████▌ | 334/391 [00:11<00:01, 30.33it/s]
Epoch 0 train | loss = 1.926858, acc = 0.2660:  85%|████████▌ | 334/391 [00:11<00:01, 30.33it/s]
Epoch 0 train | loss = 1.926277, acc = 0.2662:  85%|████████▌ | 334/391 [00:11<00:01, 30.33it/s]
Epoch 0 train | loss = 1.926277, acc = 0.2662:  86%|████████▋ | 338/391 [00:11<00:01, 30.11it/s]
Epoch 0 train | loss = 1.926042, acc = 0.2665:  86%|████████▋ | 338/391 [00:11<00:01, 30.11it/s]
Epoch 0 train | loss = 1.925722, acc = 0.2666:  86%|████████▋ | 338/391 [00:11<00:01, 30.11it/s]
Epoch 0 train | loss = 1.924808, acc = 0.2670:  86%|████████▋ | 338/391 [00:11<00:01, 30.11it/s]
Epoch 0 train | loss = 1.924378, acc = 0.2672:  86%|████████▋ | 338/391 [00:11<00:01, 30.11it/s]
Epoch 0 train | loss = 1.924378, acc = 0.2672:  87%|████████▋ | 342/391 [00:11<00:01, 30.38it/s]
Epoch 0 train | loss = 1.923804, acc = 0.2675:  87%|████████▋ | 342/391 [00:11<00:01, 30.38it/s]
Epoch 0 train | loss = 1.923253, acc = 0.2678:  87%|████████▋ | 342/391 [00:11<00:01, 30.38it/s]
Epoch 0 train | loss = 1.922625, acc = 0.2681:  87%|████████▋ | 342/391 [00:11<00:01, 30.38it/s]
Epoch 0 train | loss = 1.922018, acc = 0.2682:  87%|████████▋ | 342/391 [00:11<00:01, 30.38it/s]
Epoch 0 train | loss = 1.922018, acc = 0.2682:  88%|████████▊ | 346/391 [00:11<00:01, 30.61it/s]
Epoch 0 train | loss = 1.921676, acc = 0.2684:  88%|████████▊ | 346/391 [00:11<00:01, 30.61it/s]
Epoch 0 train | loss = 1.921174, acc = 0.2685:  88%|████████▊ | 346/391 [00:11<00:01, 30.61it/s]
Epoch 0 train | loss = 1.920467, acc = 0.2687:  88%|████████▊ | 346/391 [00:11<00:01, 30.61it/s]
Epoch 0 train | loss = 1.919935, acc = 0.2692:  88%|████████▊ | 346/391 [00:11<00:01, 30.61it/s]
Epoch 0 train | loss = 1.919935, acc = 0.2692:  90%|████████▉ | 350/391 [00:11<00:01, 30.67it/s]
Epoch 0 train | loss = 1.919548, acc = 0.2695:  90%|████████▉ | 350/391 [00:11<00:01, 30.67it/s]
Epoch 0 train | loss = 1.919282, acc = 0.2698:  90%|████████▉ | 350/391 [00:11<00:01, 30.67it/s]
Epoch 0 train | loss = 1.918572, acc = 0.2699:  90%|████████▉ | 350/391 [00:11<00:01, 30.67it/s]
Epoch 0 train | loss = 1.917662, acc = 0.2701:  90%|████████▉ | 350/391 [00:11<00:01, 30.67it/s]
Epoch 0 train | loss = 1.917662, acc = 0.2701:  91%|█████████ | 354/391 [00:11<00:01, 30.78it/s]
Epoch 0 train | loss = 1.916901, acc = 0.2705:  91%|█████████ | 354/391 [00:11<00:01, 30.78it/s]
Epoch 0 train | loss = 1.916232, acc = 0.2708:  91%|█████████ | 354/391 [00:11<00:01, 30.78it/s]
Epoch 0 train | loss = 1.915373, acc = 0.2711:  91%|█████████ | 354/391 [00:11<00:01, 30.78it/s]
Epoch 0 train | loss = 1.914803, acc = 0.2714:  91%|█████████ | 354/391 [00:11<00:01, 30.78it/s]
Epoch 0 train | loss = 1.914803, acc = 0.2714:  92%|█████████▏| 358/391 [00:11<00:01, 30.86it/s]
Epoch 0 train | loss = 1.914705, acc = 0.2715:  92%|█████████▏| 358/391 [00:11<00:01, 30.86it/s]
Epoch 0 train | loss = 1.913617, acc = 0.2720:  92%|█████████▏| 358/391 [00:11<00:01, 30.86it/s]
Epoch 0 train | loss = 1.912610, acc = 0.2724:  92%|█████████▏| 358/391 [00:11<00:01, 30.86it/s]
Epoch 0 train | loss = 1.912001, acc = 0.2726:  92%|█████████▏| 358/391 [00:11<00:01, 30.86it/s]
Epoch 0 train | loss = 1.912001, acc = 0.2726:  93%|█████████▎| 362/391 [00:11<00:00, 30.95it/s]
Epoch 0 train | loss = 1.911656, acc = 0.2730:  93%|█████████▎| 362/391 [00:11<00:00, 30.95it/s]
Epoch 0 train | loss = 1.911194, acc = 0.2733:  93%|█████████▎| 362/391 [00:12<00:00, 30.95it/s]
Epoch 0 train | loss = 1.910642, acc = 0.2735:  93%|█████████▎| 362/391 [00:12<00:00, 30.95it/s]
Epoch 0 train | loss = 1.910142, acc = 0.2737:  93%|█████████▎| 362/391 [00:12<00:00, 30.95it/s]
Epoch 0 train | loss = 1.910142, acc = 0.2737:  94%|█████████▎| 366/391 [00:12<00:00, 31.02it/s]
Epoch 0 train | loss = 1.909933, acc = 0.2738:  94%|█████████▎| 366/391 [00:12<00:00, 31.02it/s]
Epoch 0 train | loss = 1.909716, acc = 0.2739:  94%|█████████▎| 366/391 [00:12<00:00, 31.02it/s]
Epoch 0 train | loss = 1.909075, acc = 0.2742:  94%|█████████▎| 366/391 [00:12<00:00, 31.02it/s]
Epoch 0 train | loss = 1.908582, acc = 0.2745:  94%|█████████▎| 366/391 [00:12<00:00, 31.02it/s]
Epoch 0 train | loss = 1.908582, acc = 0.2745:  95%|█████████▍| 370/391 [00:12<00:00, 30.75it/s]
Epoch 0 train | loss = 1.908187, acc = 0.2748:  95%|█████████▍| 370/391 [00:12<00:00, 30.75it/s]
Epoch 0 train | loss = 1.907756, acc = 0.2749:  95%|█████████▍| 370/391 [00:12<00:00, 30.75it/s]
Epoch 0 train | loss = 1.907464, acc = 0.2750:  95%|█████████▍| 370/391 [00:12<00:00, 30.75it/s]
Epoch 0 train | loss = 1.906730, acc = 0.2754:  95%|█████████▍| 370/391 [00:12<00:00, 30.75it/s]
Epoch 0 train | loss = 1.906730, acc = 0.2754:  96%|█████████▌| 374/391 [00:12<00:00, 30.48it/s]
Epoch 0 train | loss = 1.906701, acc = 0.2755:  96%|█████████▌| 374/391 [00:12<00:00, 30.48it/s]
Epoch 0 train | loss = 1.906127, acc = 0.2757:  96%|█████████▌| 374/391 [00:12<00:00, 30.48it/s]
Epoch 0 train | loss = 1.905758, acc = 0.2760:  96%|█████████▌| 374/391 [00:12<00:00, 30.48it/s]
Epoch 0 train | loss = 1.905395, acc = 0.2762:  96%|█████████▌| 374/391 [00:12<00:00, 30.48it/s]
Epoch 0 train | loss = 1.905395, acc = 0.2762:  97%|█████████▋| 378/391 [00:12<00:00, 30.50it/s]
Epoch 0 train | loss = 1.904981, acc = 0.2765:  97%|█████████▋| 378/391 [00:12<00:00, 30.50it/s]
Epoch 0 train | loss = 1.904469, acc = 0.2768:  97%|█████████▋| 378/391 [00:12<00:00, 30.50it/s]
Epoch 0 train | loss = 1.904157, acc = 0.2770:  97%|█████████▋| 378/391 [00:12<00:00, 30.50it/s]
Epoch 0 train | loss = 1.903639, acc = 0.2772:  97%|█████████▋| 378/391 [00:12<00:00, 30.50it/s]
Epoch 0 train | loss = 1.903639, acc = 0.2772:  98%|█████████▊| 382/391 [00:12<00:00, 30.56it/s]
Epoch 0 train | loss = 1.903125, acc = 0.2775:  98%|█████████▊| 382/391 [00:12<00:00, 30.56it/s]
Epoch 0 train | loss = 1.902554, acc = 0.2777:  98%|█████████▊| 382/391 [00:12<00:00, 30.56it/s]
Epoch 0 train | loss = 1.902149, acc = 0.2779:  98%|█████████▊| 382/391 [00:12<00:00, 30.56it/s]
Epoch 0 train | loss = 1.901611, acc = 0.2781:  98%|█████████▊| 382/391 [00:12<00:00, 30.56it/s]
Epoch 0 train | loss = 1.901611, acc = 0.2781:  99%|█████████▊| 386/391 [00:12<00:00, 30.72it/s]
Epoch 0 train | loss = 1.900965, acc = 0.2784:  99%|█████████▊| 386/391 [00:12<00:00, 30.72it/s]
Epoch 0 train | loss = 1.900312, acc = 0.2787:  99%|█████████▊| 386/391 [00:12<00:00, 30.72it/s]
Epoch 0 train | loss = 1.899605, acc = 0.2789:  99%|█████████▊| 386/391 [00:12<00:00, 30.72it/s]
Epoch 0 train | loss = 1.899148, acc = 0.2792:  99%|█████████▊| 386/391 [00:12<00:00, 30.72it/s]
Epoch 0 train | loss = 1.899148, acc = 0.2792: 100%|█████████▉| 390/391 [00:12<00:00, 30.66it/s]
Epoch 0 train | loss = 1.899074, acc = 0.2793: 100%|█████████▉| 390/391 [00:12<00:00, 30.66it/s]
Epoch 0 train | loss = 1.899074, acc = 0.2793: 100%|██████████| 391/391 [00:12<00:00, 30.36it/s]

  0%|          | 0/391 [00:00<?, ?it/s]
Epoch 1 train | loss = 1.644357, acc = 0.3828:   0%|          | 0/391 [00:00<?, ?it/s]
Epoch 1 train | loss = 1.618468, acc = 0.3984:   0%|          | 0/391 [00:00<?, ?it/s]
Epoch 1 train | loss = 1.666137, acc = 0.4062:   0%|          | 0/391 [00:00<?, ?it/s]
Epoch 1 train | loss = 1.666137, acc = 0.4062:   1%|          | 3/391 [00:00<00:13, 28.52it/s]
Epoch 1 train | loss = 1.677998, acc = 0.4043:   1%|          | 3/391 [00:00<00:13, 28.52it/s]
Epoch 1 train | loss = 1.684728, acc = 0.3937:   1%|          | 3/391 [00:00<00:13, 28.52it/s]
Epoch 1 train | loss = 1.698000, acc = 0.3750:   1%|          | 3/391 [00:00<00:13, 28.52it/s]
Epoch 1 train | loss = 1.700323, acc = 0.3694:   1%|          | 3/391 [00:00<00:13, 28.52it/s]
Epoch 1 train | loss = 1.700323, acc = 0.3694:   2%|▏         | 7/391 [00:00<00:13, 29.19it/s]
Epoch 1 train | loss = 1.721611, acc = 0.3701:   2%|▏         | 7/391 [00:00<00:13, 29.19it/s]
Epoch 1 train | loss = 1.727479, acc = 0.3724:   2%|▏         | 7/391 [00:00<00:13, 29.19it/s]
Epoch 1 train | loss = 1.720610, acc = 0.3695:   2%|▏         | 7/391 [00:00<00:13, 29.19it/s]
Epoch 1 train | loss = 1.711424, acc = 0.3707:   2%|▏         | 7/391 [00:00<00:13, 29.19it/s]
Epoch 1 train | loss = 1.711424, acc = 0.3707:   3%|▎         | 11/391 [00:00<00:12, 29.73it/s]
Epoch 1 train | loss = 1.705659, acc = 0.3750:   3%|▎         | 11/391 [00:00<00:12, 29.73it/s]
Epoch 1 train | loss = 1.709199, acc = 0.3774:   3%|▎         | 11/391 [00:00<00:12, 29.73it/s]
Epoch 1 train | loss = 1.697126, acc = 0.3795:   3%|▎         | 11/391 [00:00<00:12, 29.73it/s]
Epoch 1 train | loss = 1.698802, acc = 0.3844:   3%|▎         | 11/391 [00:00<00:12, 29.73it/s]
Epoch 1 train | loss = 1.698802, acc = 0.3844:   4%|▍         | 15/391 [00:00<00:12, 29.82it/s]
Epoch 1 train | loss = 1.697576, acc = 0.3848:   4%|▍         | 15/391 [00:00<00:12, 29.82it/s]
Epoch 1 train | loss = 1.699259, acc = 0.3842:   4%|▍         | 15/391 [00:00<00:12, 29.82it/s]
Epoch 1 train | loss = 1.703414, acc = 0.3819:   4%|▍         | 15/391 [00:00<00:12, 29.82it/s]
Epoch 1 train | loss = 1.701692, acc = 0.3808:   4%|▍         | 15/391 [00:00<00:12, 29.82it/s]
Epoch 1 train | loss = 1.701692, acc = 0.3808:   5%|▍         | 19/391 [00:00<00:12, 30.06it/s]
Epoch 1 train | loss = 1.703779, acc = 0.3820:   5%|▍         | 19/391 [00:00<00:12, 30.06it/s]
Epoch 1 train | loss = 1.700379, acc = 0.3847:   5%|▍         | 19/391 [00:00<00:12, 30.06it/s]
Epoch 1 train | loss = 1.703691, acc = 0.3814:   5%|▍         | 19/391 [00:00<00:12, 30.06it/s]
Epoch 1 train | loss = 1.704073, acc = 0.3781:   5%|▍         | 19/391 [00:00<00:12, 30.06it/s]
Epoch 1 train | loss = 1.704073, acc = 0.3781:   6%|▌         | 23/391 [00:00<00:12, 30.31it/s]
Epoch 1 train | loss = 1.708134, acc = 0.3757:   6%|▌         | 23/391 [00:00<00:12, 30.31it/s]
Epoch 1 train | loss = 1.707592, acc = 0.3759:   6%|▌         | 23/391 [00:00<00:12, 30.31it/s]
Epoch 1 train | loss = 1.703874, acc = 0.3777:   6%|▌         | 23/391 [00:00<00:12, 30.31it/s]
Epoch 1 train | loss = 1.706828, acc = 0.3773:   6%|▌         | 23/391 [00:00<00:12, 30.31it/s]
Epoch 1 train | loss = 1.706828, acc = 0.3773:   7%|▋         | 27/391 [00:00<00:12, 30.27it/s]
Epoch 1 train | loss = 1.702121, acc = 0.3806:   7%|▋         | 27/391 [00:00<00:12, 30.27it/s]
Epoch 1 train | loss = 1.706923, acc = 0.3782:   7%|▋         | 27/391 [00:00<00:12, 30.27it/s]
Epoch 1 train | loss = 1.703966, acc = 0.3792:   7%|▋         | 27/391 [00:00<00:12, 30.27it/s]
Epoch 1 train | loss = 1.703966, acc = 0.3792:   8%|▊         | 30/391 [00:00<00:11, 30.18it/s]
Epoch 1 train | loss = 1.702630, acc = 0.3790:   8%|▊         | 30/391 [00:01<00:11, 30.18it/s]
Epoch 1 train | loss = 1.702156, acc = 0.3794:   8%|▊         | 30/391 [00:01<00:11, 30.18it/s]
Epoch 1 train | loss = 1.698884, acc = 0.3788:   8%|▊         | 30/391 [00:01<00:11, 30.18it/s]
Epoch 1 train | loss = 1.697198, acc = 0.3814:   8%|▊         | 30/391 [00:01<00:11, 30.18it/s]
Epoch 1 train | loss = 1.697198, acc = 0.3814:   9%|▊         | 34/391 [00:01<00:11, 30.40it/s]
Epoch 1 train | loss = 1.695210, acc = 0.3812:   9%|▊         | 34/391 [00:01<00:11, 30.40it/s]
Epoch 1 train | loss = 1.693658, acc = 0.3826:   9%|▊         | 34/391 [00:01<00:11, 30.40it/s]
Epoch 1 train | loss = 1.690352, acc = 0.3824:   9%|▊         | 34/391 [00:01<00:11, 30.40it/s]
Epoch 1 train | loss = 1.687747, acc = 0.3822:   9%|▊         | 34/391 [00:01<00:11, 30.40it/s]
Epoch 1 train | loss = 1.687747, acc = 0.3822:  10%|▉         | 38/391 [00:01<00:11, 30.56it/s]
Epoch 1 train | loss = 1.686915, acc = 0.3812:  10%|▉         | 38/391 [00:01<00:11, 30.56it/s]
Epoch 1 train | loss = 1.685070, acc = 0.3818:  10%|▉         | 38/391 [00:01<00:11, 30.56it/s]
Epoch 1 train | loss = 1.687134, acc = 0.3800:  10%|▉         | 38/391 [00:01<00:11, 30.56it/s]
Epoch 1 train | loss = 1.681671, acc = 0.3826:  10%|▉         | 38/391 [00:01<00:11, 30.56it/s]
Epoch 1 train | loss = 1.681671, acc = 0.3826:  11%|█         | 42/391 [00:01<00:11, 30.42it/s]
Epoch 1 train | loss = 1.678252, acc = 0.3824:  11%|█         | 42/391 [00:01<00:11, 30.42it/s]
Epoch 1 train | loss = 1.679594, acc = 0.3821:  11%|█         | 42/391 [00:01<00:11, 30.42it/s]
Epoch 1 train | loss = 1.680173, acc = 0.3812:  11%|█         | 42/391 [00:01<00:11, 30.42it/s]
Epoch 1 train | loss = 1.680173, acc = 0.3812:  12%|█▏        | 45/391 [00:01<00:11, 30.25it/s]
Epoch 1 train | loss = 1.680176, acc = 0.3813:  12%|█▏        | 45/391 [00:01<00:11, 30.25it/s]
Epoch 1 train | loss = 1.677942, acc = 0.3808:  12%|█▏        | 45/391 [00:01<00:11, 30.25it/s]
Epoch 1 train | loss = 1.679512, acc = 0.3800:  12%|█▏        | 45/391 [00:01<00:11, 30.25it/s]
Epoch 1 train | loss = 1.681960, acc = 0.3791:  12%|█▏        | 45/391 [00:01<00:11, 30.25it/s]
Epoch 1 train | loss = 1.681960, acc = 0.3791:  13%|█▎        | 49/391 [00:01<00:11, 30.45it/s]
Epoch 1 train | loss = 1.682739, acc = 0.3784:  13%|█▎        | 49/391 [00:01<00:11, 30.45it/s]
Epoch 1 train | loss = 1.680672, acc = 0.3784:  13%|█▎        | 49/391 [00:01<00:11, 30.45it/s]
Epoch 1 train | loss = 1.682037, acc = 0.3777:  13%|█▎        | 49/391 [00:01<00:11, 30.45it/s]
Epoch 1 train | loss = 1.679154, acc = 0.3785:  13%|█▎        | 49/391 [00:01<00:11, 30.45it/s]
Epoch 1 train | loss = 1.679154, acc = 0.3785:  14%|█▎        | 53/391 [00:01<00:11, 30.62it/s]
Epoch 1 train | loss = 1.676266, acc = 0.3789:  14%|█▎        | 53/391 [00:01<00:11, 30.62it/s]
Epoch 1 train | loss = 1.673203, acc = 0.3795:  14%|█▎        | 53/391 [00:01<00:11, 30.62it/s]
Epoch 1 train | loss = 1.669505, acc = 0.3804:  14%|█▎        | 53/391 [00:01<00:11, 30.62it/s]
Epoch 1 train | loss = 1.669785, acc = 0.3797:  14%|█▎        | 53/391 [00:01<00:11, 30.62it/s]
Epoch 1 train | loss = 1.669785, acc = 0.3797:  15%|█▍        | 57/391 [00:01<00:10, 30.74it/s]
Epoch 1 train | loss = 1.667453, acc = 0.3804:  15%|█▍        | 57/391 [00:01<00:10, 30.74it/s]
Epoch 1 train | loss = 1.665895, acc = 0.3811:  15%|█▍        | 57/391 [00:01<00:10, 30.74it/s]
Epoch 1 train | loss = 1.668837, acc = 0.3818:  15%|█▍        | 57/391 [00:01<00:10, 30.74it/s]
Epoch 1 train | loss = 1.667236, acc = 0.3831:  15%|█▍        | 57/391 [00:02<00:10, 30.74it/s]
Epoch 1 train | loss = 1.667236, acc = 0.3831:  16%|█▌        | 61/391 [00:02<00:10, 30.10it/s]
Epoch 1 train | loss = 1.665751, acc = 0.3829:  16%|█▌        | 61/391 [00:02<00:10, 30.10it/s]
Epoch 1 train | loss = 1.666369, acc = 0.3834:  16%|█▌        | 61/391 [00:02<00:10, 30.10it/s]
Epoch 1 train | loss = 1.666409, acc = 0.3834:  16%|█▌        | 61/391 [00:02<00:10, 30.10it/s]
Epoch 1 train | loss = 1.665790, acc = 0.3839:  16%|█▌        | 61/391 [00:02<00:10, 30.10it/s]
Epoch 1 train | loss = 1.665790, acc = 0.3839:  17%|█▋        | 65/391 [00:02<00:10, 29.75it/s]
Epoch 1 train | loss = 1.665477, acc = 0.3841:  17%|█▋        | 65/391 [00:02<00:10, 29.75it/s]
Epoch 1 train | loss = 1.665870, acc = 0.3837:  17%|█▋        | 65/391 [00:02<00:10, 29.75it/s]
Epoch 1 train | loss = 1.663023, acc = 0.3855:  17%|█▋        | 65/391 [00:02<00:10, 29.75it/s]
Epoch 1 train | loss = 1.661945, acc = 0.3859:  17%|█▋        | 65/391 [00:02<00:10, 29.75it/s]
Epoch 1 train | loss = 1.661945, acc = 0.3859:  18%|█▊        | 69/391 [00:02<00:10, 29.88it/s]
Epoch 1 train | loss = 1.663755, acc = 0.3858:  18%|█▊        | 69/391 [00:02<00:10, 29.88it/s]
Epoch 1 train | loss = 1.663575, acc = 0.3857:  18%|█▊        | 69/391 [00:02<00:10, 29.88it/s]
Epoch 1 train | loss = 1.662059, acc = 0.3860:  18%|█▊        | 69/391 [00:02<00:10, 29.88it/s]
Epoch 1 train | loss = 1.663132, acc = 0.3869:  18%|█▊        | 69/391 [00:02<00:10, 29.88it/s]
Epoch 1 train | loss = 1.663132, acc = 0.3869:  19%|█▊        | 73/391 [00:02<00:10, 30.01it/s]
Epoch 1 train | loss = 1.662810, acc = 0.3869:  19%|█▊        | 73/391 [00:02<00:10, 30.01it/s]
Epoch 1 train | loss = 1.663155, acc = 0.3876:  19%|█▊        | 73/391 [00:02<00:10, 30.01it/s]
Epoch 1 train | loss = 1.663098, acc = 0.3883:  19%|█▊        | 73/391 [00:02<00:10, 30.01it/s]
Epoch 1 train | loss = 1.663098, acc = 0.3883:  19%|█▉        | 76/391 [00:02<00:10, 29.98it/s]
Epoch 1 train | loss = 1.663344, acc = 0.3876:  19%|█▉        | 76/391 [00:02<00:10, 29.98it/s]
Epoch 1 train | loss = 1.663047, acc = 0.3875:  19%|█▉        | 76/391 [00:02<00:10, 29.98it/s]
Epoch 1 train | loss = 1.666427, acc = 0.3860:  19%|█▉        | 76/391 [00:02<00:10, 29.98it/s]
Epoch 1 train | loss = 1.666427, acc = 0.3860:  20%|██        | 79/391 [00:02<00:10, 29.66it/s]
Epoch 1 train | loss = 1.668739, acc = 0.3848:  20%|██        | 79/391 [00:02<00:10, 29.66it/s]
Epoch 1 train | loss = 1.669191, acc = 0.3852:  20%|██        | 79/391 [00:02<00:10, 29.66it/s]
Epoch 1 train | loss = 1.668809, acc = 0.3851:  20%|██        | 79/391 [00:02<00:10, 29.66it/s]
Epoch 1 train | loss = 1.668074, acc = 0.3854:  20%|██        | 79/391 [00:02<00:10, 29.66it/s]
Epoch 1 train | loss = 1.668074, acc = 0.3854:  21%|██        | 83/391 [00:02<00:10, 29.86it/s]
Epoch 1 train | loss = 1.669756, acc = 0.3847:  21%|██        | 83/391 [00:02<00:10, 29.86it/s]
Epoch 1 train | loss = 1.670448, acc = 0.3841:  21%|██        | 83/391 [00:02<00:10, 29.86it/s]
Epoch 1 train | loss = 1.672397, acc = 0.3834:  21%|██        | 83/391 [00:02<00:10, 29.86it/s]
Epoch 1 train | loss = 1.673719, acc = 0.3830:  21%|██        | 83/391 [00:02<00:10, 29.86it/s]
Epoch 1 train | loss = 1.673719, acc = 0.3830:  22%|██▏       | 87/391 [00:02<00:10, 30.17it/s]
Epoch 1 train | loss = 1.672803, acc = 0.3840:  22%|██▏       | 87/391 [00:02<00:10, 30.17it/s]
Epoch 1 train | loss = 1.674294, acc = 0.3833:  22%|██▏       | 87/391 [00:02<00:10, 30.17it/s]
Epoch 1 train | loss = 1.675469, acc = 0.3834:  22%|██▏       | 87/391 [00:02<00:10, 30.17it/s]
Epoch 1 train | loss = 1.675345, acc = 0.3831:  22%|██▏       | 87/391 [00:03<00:10, 30.17it/s]
Epoch 1 train | loss = 1.675345, acc = 0.3831:  23%|██▎       | 91/391 [00:03<00:09, 30.42it/s]
Epoch 1 train | loss = 1.676956, acc = 0.3829:  23%|██▎       | 91/391 [00:03<00:09, 30.42it/s]
Epoch 1 train | loss = 1.676344, acc = 0.3827:  23%|██▎       | 91/391 [00:03<00:09, 30.42it/s]
Epoch 1 train | loss = 1.675747, acc = 0.3829:  23%|██▎       | 91/391 [00:03<00:09, 30.42it/s]
Epoch 1 train | loss = 1.674445, acc = 0.3831:  23%|██▎       | 91/391 [00:03<00:09, 30.42it/s]
Epoch 1 train | loss = 1.674445, acc = 0.3831:  24%|██▍       | 95/391 [00:03<00:09, 30.52it/s]
Epoch 1 train | loss = 1.673884, acc = 0.3831:  24%|██▍       | 95/391 [00:03<00:09, 30.52it/s]
Epoch 1 train | loss = 1.672481, acc = 0.3836:  24%|██▍       | 95/391 [00:03<00:09, 30.52it/s]
Epoch 1 train | loss = 1.673017, acc = 0.3834:  24%|██▍       | 95/391 [00:03<00:09, 30.52it/s]
Epoch 1 train | loss = 1.672103, acc = 0.3836:  24%|██▍       | 95/391 [00:03<00:09, 30.52it/s]
Epoch 1 train | loss = 1.672103, acc = 0.3836:  25%|██▌       | 99/391 [00:03<00:09, 30.40it/s]
Epoch 1 train | loss = 1.671553, acc = 0.3837:  25%|██▌       | 99/391 [00:03<00:09, 30.40it/s]
Epoch 1 train | loss = 1.669843, acc = 0.3844:  25%|██▌       | 99/391 [00:03<00:09, 30.40it/s]
Epoch 1 train | loss = 1.670559, acc = 0.3838:  25%|██▌       | 99/391 [00:03<00:09, 30.40it/s]
Epoch 1 train | loss = 1.672138, acc = 0.3832:  25%|██▌       | 99/391 [00:03<00:09, 30.40it/s]
Epoch 1 train | loss = 1.672138, acc = 0.3832:  26%|██▋       | 103/391 [00:03<00:09, 30.28it/s]
Epoch 1 train | loss = 1.671912, acc = 0.3836:  26%|██▋       | 103/391 [00:03<00:09, 30.28it/s]
Epoch 1 train | loss = 1.671932, acc = 0.3838:  26%|██▋       | 103/391 [00:03<00:09, 30.28it/s]
Epoch 1 train | loss = 1.671234, acc = 0.3841:  26%|██▋       | 103/391 [00:03<00:09, 30.28it/s]
Epoch 1 train | loss = 1.670816, acc = 0.3839:  26%|██▋       | 103/391 [00:03<00:09, 30.28it/s]
Epoch 1 train | loss = 1.670816, acc = 0.3839:  27%|██▋       | 107/391 [00:03<00:09, 30.50it/s]
Epoch 1 train | loss = 1.670272, acc = 0.3837:  27%|██▋       | 107/391 [00:03<00:09, 30.50it/s]
Epoch 1 train | loss = 1.670959, acc = 0.3839:  27%|██▋       | 107/391 [00:03<00:09, 30.50it/s]
Epoch 1 train | loss = 1.670105, acc = 0.3840:  27%|██▋       | 107/391 [00:03<00:09, 30.50it/s]
Epoch 1 train | loss = 1.668901, acc = 0.3845:  27%|██▋       | 107/391 [00:03<00:09, 30.50it/s]
Epoch 1 train | loss = 1.668901, acc = 0.3845:  28%|██▊       | 111/391 [00:03<00:09, 30.66it/s]
Epoch 1 train | loss = 1.669175, acc = 0.3844:  28%|██▊       | 111/391 [00:03<00:09, 30.66it/s]
Epoch 1 train | loss = 1.670129, acc = 0.3837:  28%|██▊       | 111/391 [00:03<00:09, 30.66it/s]
Epoch 1 train | loss = 1.670413, acc = 0.3837:  28%|██▊       | 111/391 [00:03<00:09, 30.66it/s]
Epoch 1 train | loss = 1.669539, acc = 0.3844:  28%|██▊       | 111/391 [00:03<00:09, 30.66it/s]
Epoch 1 train | loss = 1.669539, acc = 0.3844:  29%|██▉       | 115/391 [00:03<00:08, 30.70it/s]
Epoch 1 train | loss = 1.670002, acc = 0.3841:  29%|██▉       | 115/391 [00:03<00:08, 30.70it/s]
Epoch 1 train | loss = 1.667786, acc = 0.3852:  29%|██▉       | 115/391 [00:03<00:08, 30.70it/s]
Epoch 1 train | loss = 1.667500, acc = 0.3851:  29%|██▉       | 115/391 [00:03<00:08, 30.70it/s]
Epoch 1 train | loss = 1.667502, acc = 0.3853:  29%|██▉       | 115/391 [00:03<00:08, 30.70it/s]
Epoch 1 train | loss = 1.667502, acc = 0.3853:  30%|███       | 119/391 [00:03<00:08, 30.58it/s]
Epoch 1 train | loss = 1.667296, acc = 0.3852:  30%|███       | 119/391 [00:03<00:08, 30.58it/s]
Epoch 1 train | loss = 1.666174, acc = 0.3855:  30%|███       | 119/391 [00:03<00:08, 30.58it/s]
Epoch 1 train | loss = 1.668370, acc = 0.3852:  30%|███       | 119/391 [00:04<00:08, 30.58it/s]
Epoch 1 train | loss = 1.668136, acc = 0.3850:  30%|███       | 119/391 [00:04<00:08, 30.58it/s]
Epoch 1 train | loss = 1.668136, acc = 0.3850:  31%|███▏      | 123/391 [00:04<00:08, 30.73it/s]
Epoch 1 train | loss = 1.667984, acc = 0.3851:  31%|███▏      | 123/391 [00:04<00:08, 30.73it/s]
Epoch 1 train | loss = 1.667778, acc = 0.3853:  31%|███▏      | 123/391 [00:04<00:08, 30.73it/s]
Epoch 1 train | loss = 1.667975, acc = 0.3854:  31%|███▏      | 123/391 [00:04<00:08, 30.73it/s]
Epoch 1 train | loss = 1.668204, acc = 0.3852:  31%|███▏      | 123/391 [00:04<00:08, 30.73it/s]
Epoch 1 train | loss = 1.668204, acc = 0.3852:  32%|███▏      | 127/391 [00:04<00:08, 30.48it/s]
Epoch 1 train | loss = 1.667765, acc = 0.3859:  32%|███▏      | 127/391 [00:04<00:08, 30.48it/s]
Epoch 1 train | loss = 1.668043, acc = 0.3859:  32%|███▏      | 127/391 [00:04<00:08, 30.48it/s]
Epoch 1 train | loss = 1.667723, acc = 0.3858:  32%|███▏      | 127/391 [00:04<00:08, 30.48it/s]
Epoch 1 train | loss = 1.667613, acc = 0.3862:  32%|███▏      | 127/391 [00:04<00:08, 30.48it/s]
Epoch 1 train | loss = 1.667613, acc = 0.3862:  34%|███▎      | 131/391 [00:04<00:08, 30.69it/s]
Epoch 1 train | loss = 1.667405, acc = 0.3862:  34%|███▎      | 131/391 [00:04<00:08, 30.69it/s]
Epoch 1 train | loss = 1.667058, acc = 0.3863:  34%|███▎      | 131/391 [00:04<00:08, 30.69it/s]
Epoch 1 train | loss = 1.665956, acc = 0.3864:  34%|███▎      | 131/391 [00:04<00:08, 30.69it/s]
Epoch 1 train | loss = 1.664908, acc = 0.3863:  34%|███▎      | 131/391 [00:04<00:08, 30.69it/s]
Epoch 1 train | loss = 1.664908, acc = 0.3863:  35%|███▍      | 135/391 [00:04<00:08, 30.71it/s]
Epoch 1 train | loss = 1.665066, acc = 0.3864:  35%|███▍      | 135/391 [00:04<00:08, 30.71it/s]
Epoch 1 train | loss = 1.663633, acc = 0.3871:  35%|███▍      | 135/391 [00:04<00:08, 30.71it/s]
Epoch 1 train | loss = 1.664120, acc = 0.3871:  35%|███▍      | 135/391 [00:04<00:08, 30.71it/s]
Epoch 1 train | loss = 1.664419, acc = 0.3869:  35%|███▍      | 135/391 [00:04<00:08, 30.71it/s]
Epoch 1 train | loss = 1.664419, acc = 0.3869:  36%|███▌      | 139/391 [00:04<00:08, 30.42it/s]
Epoch 1 train | loss = 1.663709, acc = 0.3872:  36%|███▌      | 139/391 [00:04<00:08, 30.42it/s]
Epoch 1 train | loss = 1.662785, acc = 0.3874:  36%|███▌      | 139/391 [00:04<00:08, 30.42it/s]
Epoch 1 train | loss = 1.663793, acc = 0.3872:  36%|███▌      | 139/391 [00:04<00:08, 30.42it/s]
Epoch 1 train | loss = 1.662981, acc = 0.3875:  36%|███▌      | 139/391 [00:04<00:08, 30.42it/s]
Epoch 1 train | loss = 1.662981, acc = 0.3875:  37%|███▋      | 143/391 [00:04<00:08, 29.30it/s]
Epoch 1 train | loss = 1.663517, acc = 0.3877:  37%|███▋      | 143/391 [00:04<00:08, 29.30it/s]
Epoch 1 train | loss = 1.663304, acc = 0.3877:  37%|███▋      | 143/391 [00:04<00:08, 29.30it/s]
Epoch 1 train | loss = 1.663945, acc = 0.3870:  37%|███▋      | 143/391 [00:04<00:08, 29.30it/s]
Epoch 1 train | loss = 1.663945, acc = 0.3870:  37%|███▋      | 146/391 [00:04<00:08, 28.45it/s]
Epoch 1 train | loss = 1.663316, acc = 0.3870:  37%|███▋      | 146/391 [00:04<00:08, 28.45it/s]
Epoch 1 train | loss = 1.662525, acc = 0.3873:  37%|███▋      | 146/391 [00:04<00:08, 28.45it/s]
Epoch 1 train | loss = 1.661872, acc = 0.3875:  37%|███▋      | 146/391 [00:04<00:08, 28.45it/s]
Epoch 1 train | loss = 1.661872, acc = 0.3875:  38%|███▊      | 149/391 [00:04<00:08, 27.96it/s]
Epoch 1 train | loss = 1.661273, acc = 0.3877:  38%|███▊      | 149/391 [00:04<00:08, 27.96it/s]
Epoch 1 train | loss = 1.661575, acc = 0.3882:  38%|███▊      | 149/391 [00:05<00:08, 27.96it/s]
Epoch 1 train | loss = 1.661184, acc = 0.3882:  38%|███▊      | 149/391 [00:05<00:08, 27.96it/s]
Epoch 1 train | loss = 1.661184, acc = 0.3882:  39%|███▉      | 152/391 [00:05<00:08, 27.60it/s]
Epoch 1 train | loss = 1.660569, acc = 0.3883:  39%|███▉      | 152/391 [00:05<00:08, 27.60it/s]
Epoch 1 train | loss = 1.660260, acc = 0.3887:  39%|███▉      | 152/391 [00:05<00:08, 27.60it/s]
Epoch 1 train | loss = 1.660456, acc = 0.3887:  39%|███▉      | 152/391 [00:05<00:08, 27.60it/s]
Epoch 1 train | loss = 1.660456, acc = 0.3887:  40%|███▉      | 155/391 [00:05<00:08, 27.21it/s]
Epoch 1 train | loss = 1.661694, acc = 0.3886:  40%|███▉      | 155/391 [00:05<00:08, 27.21it/s]
Epoch 1 train | loss = 1.660996, acc = 0.3889:  40%|███▉      | 155/391 [00:05<00:08, 27.21it/s]
Epoch 1 train | loss = 1.661791, acc = 0.3885:  40%|███▉      | 155/391 [00:05<00:08, 27.21it/s]
Epoch 1 train | loss = 1.661791, acc = 0.3885:  40%|████      | 158/391 [00:05<00:08, 27.15it/s]
Epoch 1 train | loss = 1.662843, acc = 0.3881:  40%|████      | 158/391 [00:05<00:08, 27.15it/s]
Epoch 1 train | loss = 1.663614, acc = 0.3875:  40%|████      | 158/391 [00:05<00:08, 27.15it/s]
Epoch 1 train | loss = 1.664695, acc = 0.3867:  40%|████      | 158/391 [00:05<00:08, 27.15it/s]
Epoch 1 train | loss = 1.664695, acc = 0.3867:  41%|████      | 161/391 [00:05<00:08, 27.18it/s]
Epoch 1 train | loss = 1.665523, acc = 0.3865:  41%|████      | 161/391 [00:05<00:08, 27.18it/s]
Epoch 1 train | loss = 1.666379, acc = 0.3863:  41%|████      | 161/391 [00:05<00:08, 27.18it/s]
Epoch 1 train | loss = 1.666659, acc = 0.3863:  41%|████      | 161/391 [00:05<00:08, 27.18it/s]
Epoch 1 train | loss = 1.666659, acc = 0.3863:  42%|████▏     | 164/391 [00:05<00:08, 27.83it/s]
Epoch 1 train | loss = 1.667363, acc = 0.3862:  42%|████▏     | 164/391 [00:05<00:08, 27.83it/s]
Epoch 1 train | loss = 1.668410, acc = 0.3858:  42%|████▏     | 164/391 [00:05<00:08, 27.83it/s]
Epoch 1 train | loss = 1.668290, acc = 0.3858:  42%|████▏     | 164/391 [00:05<00:08, 27.83it/s]
Epoch 1 train | loss = 1.667796, acc = 0.3859:  42%|████▏     | 164/391 [00:05<00:08, 27.83it/s]
Epoch 1 train | loss = 1.667796, acc = 0.3859:  43%|████▎     | 168/391 [00:05<00:07, 28.52it/s]
Epoch 1 train | loss = 1.667308, acc = 0.3857:  43%|████▎     | 168/391 [00:05<00:07, 28.52it/s]
Epoch 1 train | loss = 1.666594, acc = 0.3859:  43%|████▎     | 168/391 [00:05<00:07, 28.52it/s]
Epoch 1 train | loss = 1.666645, acc = 0.3861:  43%|████▎     | 168/391 [00:05<00:07, 28.52it/s]
Epoch 1 train | loss = 1.666645, acc = 0.3861:  44%|████▎     | 171/391 [00:05<00:07, 28.91it/s]
Epoch 1 train | loss = 1.666060, acc = 0.3863:  44%|████▎     | 171/391 [00:05<00:07, 28.91it/s]
Epoch 1 train | loss = 1.666342, acc = 0.3860:  44%|████▎     | 171/391 [00:05<00:07, 28.91it/s]
Epoch 1 train | loss = 1.666758, acc = 0.3857:  44%|████▎     | 171/391 [00:05<00:07, 28.91it/s]
Epoch 1 train | loss = 1.666758, acc = 0.3857:  45%|████▍     | 174/391 [00:05<00:07, 29.14it/s]
Epoch 1 train | loss = 1.666640, acc = 0.3857:  45%|████▍     | 174/391 [00:05<00:07, 29.14it/s]
Epoch 1 train | loss = 1.666191, acc = 0.3857:  45%|████▍     | 174/391 [00:05<00:07, 29.14it/s]
Epoch 1 train | loss = 1.664959, acc = 0.3859:  45%|████▍     | 174/391 [00:05<00:07, 29.14it/s]
Epoch 1 train | loss = 1.664959, acc = 0.3859:  45%|████▌     | 177/391 [00:05<00:07, 29.38it/s]
Epoch 1 train | loss = 1.663934, acc = 0.3865:  45%|████▌     | 177/391 [00:05<00:07, 29.38it/s]
Epoch 1 train | loss = 1.663038, acc = 0.3867:  45%|████▌     | 177/391 [00:05<00:07, 29.38it/s]
Epoch 1 train | loss = 1.662584, acc = 0.3869:  45%|████▌     | 177/391 [00:06<00:07, 29.38it/s]
Epoch 1 train | loss = 1.661863, acc = 0.3870:  45%|████▌     | 177/391 [00:06<00:07, 29.38it/s]
Epoch 1 train | loss = 1.661863, acc = 0.3870:  46%|████▋     | 181/391 [00:06<00:07, 29.66it/s]
Epoch 1 train | loss = 1.660880, acc = 0.3876:  46%|████▋     | 181/391 [00:06<00:07, 29.66it/s]
Epoch 1 train | loss = 1.660239, acc = 0.3880:  46%|████▋     | 181/391 [00:06<00:07, 29.66it/s]
Epoch 1 train | loss = 1.661300, acc = 0.3880:  46%|████▋     | 181/391 [00:06<00:07, 29.66it/s]
Epoch 1 train | loss = 1.661172, acc = 0.3880:  46%|████▋     | 181/391 [00:06<00:07, 29.66it/s]
Epoch 1 train | loss = 1.661172, acc = 0.3880:  47%|████▋     | 185/391 [00:06<00:06, 30.02it/s]
Epoch 1 train | loss = 1.660378, acc = 0.3884:  47%|████▋     | 185/391 [00:06<00:06, 30.02it/s]
Epoch 1 train | loss = 1.660494, acc = 0.3881:  47%|████▋     | 185/391 [00:06<00:06, 30.02it/s]
Epoch 1 train | loss = 1.660643, acc = 0.3880:  47%|████▋     | 185/391 [00:06<00:06, 30.02it/s]
Epoch 1 train | loss = 1.661017, acc = 0.3878:  47%|████▋     | 185/391 [00:06<00:06, 30.02it/s]
Epoch 1 train | loss = 1.661017, acc = 0.3878:  48%|████▊     | 189/391 [00:06<00:06, 29.70it/s]
Epoch 1 train | loss = 1.660884, acc = 0.3879:  48%|████▊     | 189/391 [00:06<00:06, 29.70it/s]
Epoch 1 train | loss = 1.661207, acc = 0.3880:  48%|████▊     | 189/391 [00:06<00:06, 29.70it/s]
Epoch 1 train | loss = 1.661475, acc = 0.3877:  48%|████▊     | 189/391 [00:06<00:06, 29.70it/s]
Epoch 1 train | loss = 1.661475, acc = 0.3877:  49%|████▉     | 192/391 [00:06<00:06, 29.63it/s]
Epoch 1 train | loss = 1.660967, acc = 0.3878:  49%|████▉     | 192/391 [00:06<00:06, 29.63it/s]
Epoch 1 train | loss = 1.661669, acc = 0.3875:  49%|████▉     | 192/391 [00:06<00:06, 29.63it/s]
Epoch 1 train | loss = 1.662575, acc = 0.3871:  49%|████▉     | 192/391 [00:06<00:06, 29.63it/s]
Epoch 1 train | loss = 1.662539, acc = 0.3874:  49%|████▉     | 192/391 [00:06<00:06, 29.63it/s]
Epoch 1 train | loss = 1.662539, acc = 0.3874:  50%|█████     | 196/391 [00:06<00:06, 29.95it/s]
Epoch 1 train | loss = 1.662383, acc = 0.3873:  50%|█████     | 196/391 [00:06<00:06, 29.95it/s]
Epoch 1 train | loss = 1.662097, acc = 0.3875:  50%|█████     | 196/391 [00:06<00:06, 29.95it/s]
Epoch 1 train | loss = 1.661982, acc = 0.3875:  50%|█████     | 196/391 [00:06<00:06, 29.95it/s]
Epoch 1 train | loss = 1.661374, acc = 0.3878:  50%|█████     | 196/391 [00:06<00:06, 29.95it/s]
Epoch 1 train | loss = 1.661374, acc = 0.3878:  51%|█████     | 200/391 [00:06<00:06, 30.29it/s]
Epoch 1 train | loss = 1.660415, acc = 0.3878:  51%|█████     | 200/391 [00:06<00:06, 30.29it/s]
Epoch 1 train | loss = 1.660730, acc = 0.3878:  51%|█████     | 200/391 [00:06<00:06, 30.29it/s]
Epoch 1 train | loss = 1.660976, acc = 0.3880:  51%|█████     | 200/391 [00:06<00:06, 30.29it/s]
Epoch 1 train | loss = 1.659957, acc = 0.3885:  51%|█████     | 200/391 [00:06<00:06, 30.29it/s]
Epoch 1 train | loss = 1.659957, acc = 0.3885:  52%|█████▏    | 204/391 [00:06<00:06, 30.54it/s]
Epoch 1 train | loss = 1.659000, acc = 0.3887:  52%|█████▏    | 204/391 [00:06<00:06, 30.54it/s]
Epoch 1 train | loss = 1.657750, acc = 0.3889:  52%|█████▏    | 204/391 [00:06<00:06, 30.54it/s]
Epoch 1 train | loss = 1.657254, acc = 0.3891:  52%|█████▏    | 204/391 [00:06<00:06, 30.54it/s]
Epoch 1 train | loss = 1.657035, acc = 0.3891:  52%|█████▏    | 204/391 [00:06<00:06, 30.54it/s]
Epoch 1 train | loss = 1.657035, acc = 0.3891:  53%|█████▎    | 208/391 [00:06<00:05, 30.58it/s]
Epoch 1 train | loss = 1.656316, acc = 0.3892:  53%|█████▎    | 208/391 [00:06<00:05, 30.58it/s]
Epoch 1 train | loss = 1.656396, acc = 0.3894:  53%|█████▎    | 208/391 [00:07<00:05, 30.58it/s]
Epoch 1 train | loss = 1.656779, acc = 0.3894:  53%|█████▎    | 208/391 [00:07<00:05, 30.58it/s]
Epoch 1 train | loss = 1.656429, acc = 0.3894:  53%|█████▎    | 208/391 [00:07<00:05, 30.58it/s]
Epoch 1 train | loss = 1.656429, acc = 0.3894:  54%|█████▍    | 212/391 [00:07<00:05, 30.45it/s]
Epoch 1 train | loss = 1.656371, acc = 0.3894:  54%|█████▍    | 212/391 [00:07<00:05, 30.45it/s]
Epoch 1 train | loss = 1.656638, acc = 0.3894:  54%|█████▍    | 212/391 [00:07<00:05, 30.45it/s]
Epoch 1 train | loss = 1.656445, acc = 0.3896:  54%|█████▍    | 212/391 [00:07<00:05, 30.45it/s]
Epoch 1 train | loss = 1.655915, acc = 0.3897:  54%|█████▍    | 212/391 [00:07<00:05, 30.45it/s]
Epoch 1 train | loss = 1.655915, acc = 0.3897:  55%|█████▌    | 216/391 [00:07<00:05, 30.25it/s]
Epoch 1 train | loss = 1.655721, acc = 0.3898:  55%|█████▌    | 216/391 [00:07<00:05, 30.25it/s]
Epoch 1 train | loss = 1.655617, acc = 0.3898:  55%|█████▌    | 216/391 [00:07<00:05, 30.25it/s]
Epoch 1 train | loss = 1.655576, acc = 0.3902:  55%|█████▌    | 216/391 [00:07<00:05, 30.25it/s]
Epoch 1 train | loss = 1.655421, acc = 0.3904:  55%|█████▌    | 216/391 [00:07<00:05, 30.25it/s]
Epoch 1 train | loss = 1.655421, acc = 0.3904:  56%|█████▋    | 220/391 [00:07<00:05, 30.25it/s]
Epoch 1 train | loss = 1.655548, acc = 0.3901:  56%|█████▋    | 220/391 [00:07<00:05, 30.25it/s]
Epoch 1 train | loss = 1.655690, acc = 0.3902:  56%|█████▋    | 220/391 [00:07<00:05, 30.25it/s]
Epoch 1 train | loss = 1.655527, acc = 0.3901:  56%|█████▋    | 220/391 [00:07<00:05, 30.25it/s]
Epoch 1 train | loss = 1.655023, acc = 0.3904:  56%|█████▋    | 220/391 [00:07<00:05, 30.25it/s]
Epoch 1 train | loss = 1.655023, acc = 0.3904:  57%|█████▋    | 224/391 [00:07<00:05, 30.32it/s]
Epoch 1 train | loss = 1.654626, acc = 0.3906:  57%|█████▋    | 224/391 [00:07<00:05, 30.32it/s]
Epoch 1 train | loss = 1.654698, acc = 0.3905:  57%|█████▋    | 224/391 [00:07<00:05, 30.32it/s]
Epoch 1 train | loss = 1.654621, acc = 0.3905:  57%|█████▋    | 224/391 [00:07<00:05, 30.32it/s]
Epoch 1 train | loss = 1.654914, acc = 0.3905:  57%|█████▋    | 224/391 [00:07<00:05, 30.32it/s]
Epoch 1 train | loss = 1.654914, acc = 0.3905:  58%|█████▊    | 228/391 [00:07<00:05, 30.03it/s]
Epoch 1 train | loss = 1.653989, acc = 0.3910:  58%|█████▊    | 228/391 [00:07<00:05, 30.03it/s]
Epoch 1 train | loss = 1.653380, acc = 0.3912:  58%|█████▊    | 228/391 [00:07<00:05, 30.03it/s]
Epoch 1 train | loss = 1.653112, acc = 0.3915:  58%|█████▊    | 228/391 [00:07<00:05, 30.03it/s]
Epoch 1 train | loss = 1.653321, acc = 0.3914:  58%|█████▊    | 228/391 [00:07<00:05, 30.03it/s]
Epoch 1 train | loss = 1.653321, acc = 0.3914:  59%|█████▉    | 232/391 [00:07<00:05, 29.93it/s]
Epoch 1 train | loss = 1.652745, acc = 0.3917:  59%|█████▉    | 232/391 [00:07<00:05, 29.93it/s]
Epoch 1 train | loss = 1.652390, acc = 0.3918:  59%|█████▉    | 232/391 [00:07<00:05, 29.93it/s]
Epoch 1 train | loss = 1.652669, acc = 0.3916:  59%|█████▉    | 232/391 [00:07<00:05, 29.93it/s]
Epoch 1 train | loss = 1.652669, acc = 0.3916:  60%|██████    | 235/391 [00:07<00:05, 29.82it/s]
Epoch 1 train | loss = 1.653117, acc = 0.3913:  60%|██████    | 235/391 [00:07<00:05, 29.82it/s]
Epoch 1 train | loss = 1.653475, acc = 0.3911:  60%|██████    | 235/391 [00:07<00:05, 29.82it/s]
Epoch 1 train | loss = 1.653841, acc = 0.3909:  60%|██████    | 235/391 [00:07<00:05, 29.82it/s]
Epoch 1 train | loss = 1.653976, acc = 0.3910:  60%|██████    | 235/391 [00:07<00:05, 29.82it/s]
Epoch 1 train | loss = 1.653976, acc = 0.3910:  61%|██████    | 239/391 [00:07<00:05, 29.99it/s]
Epoch 1 train | loss = 1.654386, acc = 0.3910:  61%|██████    | 239/391 [00:08<00:05, 29.99it/s]
Epoch 1 train | loss = 1.654677, acc = 0.3910:  61%|██████    | 239/391 [00:08<00:05, 29.99it/s]
Epoch 1 train | loss = 1.654789, acc = 0.3910:  61%|██████    | 239/391 [00:08<00:05, 29.99it/s]
Epoch 1 train | loss = 1.654434, acc = 0.3913:  61%|██████    | 239/391 [00:08<00:05, 29.99it/s]
Epoch 1 train | loss = 1.654434, acc = 0.3913:  62%|██████▏   | 243/391 [00:08<00:04, 30.13it/s]
Epoch 1 train | loss = 1.653767, acc = 0.3916:  62%|██████▏   | 243/391 [00:08<00:04, 30.13it/s]
Epoch 1 train | loss = 1.653961, acc = 0.3913:  62%|██████▏   | 243/391 [00:08<00:04, 30.13it/s]
Epoch 1 train | loss = 1.654018, acc = 0.3911:  62%|██████▏   | 243/391 [00:08<00:04, 30.13it/s]
Epoch 1 train | loss = 1.653761, acc = 0.3914:  62%|██████▏   | 243/391 [00:08<00:04, 30.13it/s]
Epoch 1 train | loss = 1.653761, acc = 0.3914:  63%|██████▎   | 247/391 [00:08<00:04, 29.99it/s]
Epoch 1 train | loss = 1.653474, acc = 0.3914:  63%|██████▎   | 247/391 [00:08<00:04, 29.99it/s]
Epoch 1 train | loss = 1.653515, acc = 0.3914:  63%|██████▎   | 247/391 [00:08<00:04, 29.99it/s]
Epoch 1 train | loss = 1.653238, acc = 0.3914:  63%|██████▎   | 247/391 [00:08<00:04, 29.99it/s]
Epoch 1 train | loss = 1.653238, acc = 0.3914:  64%|██████▍   | 250/391 [00:08<00:04, 29.97it/s]
Epoch 1 train | loss = 1.652872, acc = 0.3916:  64%|██████▍   | 250/391 [00:08<00:04, 29.97it/s]
Epoch 1 train | loss = 1.652484, acc = 0.3916:  64%|██████▍   | 250/391 [00:08<00:04, 29.97it/s]
Epoch 1 train | loss = 1.652437, acc = 0.3915:  64%|██████▍   | 250/391 [00:08<00:04, 29.97it/s]
Epoch 1 train | loss = 1.651166, acc = 0.3918:  64%|██████▍   | 250/391 [00:08<00:04, 29.97it/s]
Epoch 1 train | loss = 1.651166, acc = 0.3918:  65%|██████▍   | 254/391 [00:08<00:04, 30.30it/s]
Epoch 1 train | loss = 1.650129, acc = 0.3921:  65%|██████▍   | 254/391 [00:08<00:04, 30.30it/s]
Epoch 1 train | loss = 1.650008, acc = 0.3925:  65%|██████▍   | 254/391 [00:08<00:04, 30.30it/s]
Epoch 1 train | loss = 1.649643, acc = 0.3928:  65%|██████▍   | 254/391 [00:08<00:04, 30.30it/s]
Epoch 1 train | loss = 1.649534, acc = 0.3928:  65%|██████▍   | 254/391 [00:08<00:04, 30.30it/s]
Epoch 1 train | loss = 1.649534, acc = 0.3928:  66%|██████▌   | 258/391 [00:08<00:04, 30.17it/s]
Epoch 1 train | loss = 1.649057, acc = 0.3930:  66%|██████▌   | 258/391 [00:08<00:04, 30.17it/s]
Epoch 1 train | loss = 1.648743, acc = 0.3932:  66%|██████▌   | 258/391 [00:08<00:04, 30.17it/s]
Epoch 1 train | loss = 1.648935, acc = 0.3933:  66%|██████▌   | 258/391 [00:08<00:04, 30.17it/s]
Epoch 1 train | loss = 1.649248, acc = 0.3933:  66%|██████▌   | 258/391 [00:08<00:04, 30.17it/s]
Epoch 1 train | loss = 1.649248, acc = 0.3933:  67%|██████▋   | 262/391 [00:08<00:04, 30.44it/s]
Epoch 1 train | loss = 1.649239, acc = 0.3934:  67%|██████▋   | 262/391 [00:08<00:04, 30.44it/s]
Epoch 1 train | loss = 1.649315, acc = 0.3933:  67%|██████▋   | 262/391 [00:08<00:04, 30.44it/s]
Epoch 1 train | loss = 1.649461, acc = 0.3935:  67%|██████▋   | 262/391 [00:08<00:04, 30.44it/s]
Epoch 1 train | loss = 1.649873, acc = 0.3933:  67%|██████▋   | 262/391 [00:08<00:04, 30.44it/s]
Epoch 1 train | loss = 1.649873, acc = 0.3933:  68%|██████▊   | 266/391 [00:08<00:04, 30.45it/s]
Epoch 1 train | loss = 1.649372, acc = 0.3933:  68%|██████▊   | 266/391 [00:08<00:04, 30.45it/s]
Epoch 1 train | loss = 1.648711, acc = 0.3938:  68%|██████▊   | 266/391 [00:08<00:04, 30.45it/s]
Epoch 1 train | loss = 1.648601, acc = 0.3938:  68%|██████▊   | 266/391 [00:08<00:04, 30.45it/s]
Epoch 1 train | loss = 1.648642, acc = 0.3941:  68%|██████▊   | 266/391 [00:09<00:04, 30.45it/s]
Epoch 1 train | loss = 1.648642, acc = 0.3941:  69%|██████▉   | 270/391 [00:09<00:03, 30.39it/s]
Epoch 1 train | loss = 1.648635, acc = 0.3940:  69%|██████▉   | 270/391 [00:09<00:03, 30.39it/s]
Epoch 1 train | loss = 1.648683, acc = 0.3940:  69%|██████▉   | 270/391 [00:09<00:03, 30.39it/s]
Epoch 1 train | loss = 1.648808, acc = 0.3939:  69%|██████▉   | 270/391 [00:09<00:03, 30.39it/s]
Epoch 1 train | loss = 1.648527, acc = 0.3939:  69%|██████▉   | 270/391 [00:09<00:03, 30.39it/s]
Epoch 1 train | loss = 1.648527, acc = 0.3939:  70%|███████   | 274/391 [00:09<00:03, 30.61it/s]
Epoch 1 train | loss = 1.648807, acc = 0.3940:  70%|███████   | 274/391 [00:09<00:03, 30.61it/s]
Epoch 1 train | loss = 1.648495, acc = 0.3939:  70%|███████   | 274/391 [00:09<00:03, 30.61it/s]
Epoch 1 train | loss = 1.648445, acc = 0.3939:  70%|███████   | 274/391 [00:09<00:03, 30.61it/s]
Epoch 1 train | loss = 1.647565, acc = 0.3943:  70%|███████   | 274/391 [00:09<00:03, 30.61it/s]
Epoch 1 train | loss = 1.647565, acc = 0.3943:  71%|███████   | 278/391 [00:09<00:03, 30.76it/s]
Epoch 1 train | loss = 1.647127, acc = 0.3942:  71%|███████   | 278/391 [00:09<00:03, 30.76it/s]
Epoch 1 train | loss = 1.647086, acc = 0.3942:  71%|███████   | 278/391 [00:09<00:03, 30.76it/s]
Epoch 1 train | loss = 1.646867, acc = 0.3942:  71%|███████   | 278/391 [00:09<00:03, 30.76it/s]
Epoch 1 train | loss = 1.646290, acc = 0.3944:  71%|███████   | 278/391 [00:09<00:03, 30.76it/s]
Epoch 1 train | loss = 1.646290, acc = 0.3944:  72%|███████▏  | 282/391 [00:09<00:03, 31.15it/s]
Epoch 1 train | loss = 1.645802, acc = 0.3944:  72%|███████▏  | 282/391 [00:09<00:03, 31.15it/s]
Epoch 1 train | loss = 1.645161, acc = 0.3946:  72%|███████▏  | 282/391 [00:09<00:03, 31.15it/s]
Epoch 1 train | loss = 1.645523, acc = 0.3946:  72%|███████▏  | 282/391 [00:09<00:03, 31.15it/s]
Epoch 1 train | loss = 1.645419, acc = 0.3945:  72%|███████▏  | 282/391 [00:09<00:03, 31.15it/s]
Epoch 1 train | loss = 1.645419, acc = 0.3945:  73%|███████▎  | 286/391 [00:09<00:03, 31.20it/s]
Epoch 1 train | loss = 1.645471, acc = 0.3945:  73%|███████▎  | 286/391 [00:09<00:03, 31.20it/s]
Epoch 1 train | loss = 1.645736, acc = 0.3944:  73%|███████▎  | 286/391 [00:09<00:03, 31.20it/s]
Epoch 1 train | loss = 1.645671, acc = 0.3945:  73%|███████▎  | 286/391 [00:09<00:03, 31.20it/s]
Epoch 1 train | loss = 1.645813, acc = 0.3946:  73%|███████▎  | 286/391 [00:09<00:03, 31.20it/s]
Epoch 1 train | loss = 1.645813, acc = 0.3946:  74%|███████▍  | 290/391 [00:09<00:03, 31.36it/s]
Epoch 1 train | loss = 1.645618, acc = 0.3947:  74%|███████▍  | 290/391 [00:09<00:03, 31.36it/s]
Epoch 1 train | loss = 1.645231, acc = 0.3947:  74%|███████▍  | 290/391 [00:09<00:03, 31.36it/s]
Epoch 1 train | loss = 1.644789, acc = 0.3947:  74%|███████▍  | 290/391 [00:09<00:03, 31.36it/s]
Epoch 1 train | loss = 1.644097, acc = 0.3949:  74%|███████▍  | 290/391 [00:09<00:03, 31.36it/s]
Epoch 1 train | loss = 1.644097, acc = 0.3949:  75%|███████▌  | 294/391 [00:09<00:03, 31.66it/s]
Epoch 1 train | loss = 1.643185, acc = 0.3952:  75%|███████▌  | 294/391 [00:09<00:03, 31.66it/s]
Epoch 1 train | loss = 1.642833, acc = 0.3952:  75%|███████▌  | 294/391 [00:09<00:03, 31.66it/s]
Epoch 1 train | loss = 1.642794, acc = 0.3952:  75%|███████▌  | 294/391 [00:09<00:03, 31.66it/s]
Epoch 1 train | loss = 1.642953, acc = 0.3953:  75%|███████▌  | 294/391 [00:09<00:03, 31.66it/s]
Epoch 1 train | loss = 1.642953, acc = 0.3953:  76%|███████▌  | 298/391 [00:09<00:02, 31.88it/s]
Epoch 1 train | loss = 1.642705, acc = 0.3954:  76%|███████▌  | 298/391 [00:09<00:02, 31.88it/s]
Epoch 1 train | loss = 1.642613, acc = 0.3957:  76%|███████▌  | 298/391 [00:09<00:02, 31.88it/s]
Epoch 1 train | loss = 1.641994, acc = 0.3958:  76%|███████▌  | 298/391 [00:09<00:02, 31.88it/s]
Epoch 1 train | loss = 1.641635, acc = 0.3958:  76%|███████▌  | 298/391 [00:10<00:02, 31.88it/s]
Epoch 1 train | loss = 1.641635, acc = 0.3958:  77%|███████▋  | 302/391 [00:10<00:02, 32.00it/s]
Epoch 1 train | loss = 1.640996, acc = 0.3960:  77%|███████▋  | 302/391 [00:10<00:02, 32.00it/s]
Epoch 1 train | loss = 1.641149, acc = 0.3960:  77%|███████▋  | 302/391 [00:10<00:02, 32.00it/s]
Epoch 1 train | loss = 1.641101, acc = 0.3960:  77%|███████▋  | 302/391 [00:10<00:02, 32.00it/s]
Epoch 1 train | loss = 1.640947, acc = 0.3961:  77%|███████▋  | 302/391 [00:10<00:02, 32.00it/s]
Epoch 1 train | loss = 1.640947, acc = 0.3961:  78%|███████▊  | 306/391 [00:10<00:02, 31.78it/s]
Epoch 1 train | loss = 1.640443, acc = 0.3960:  78%|███████▊  | 306/391 [00:10<00:02, 31.78it/s]
Epoch 1 train | loss = 1.640556, acc = 0.3960:  78%|███████▊  | 306/391 [00:10<00:02, 31.78it/s]
Epoch 1 train | loss = 1.640744, acc = 0.3960:  78%|███████▊  | 306/391 [00:10<00:02, 31.78it/s]
Epoch 1 train | loss = 1.640362, acc = 0.3958:  78%|███████▊  | 306/391 [00:10<00:02, 31.78it/s]
Epoch 1 train | loss = 1.640362, acc = 0.3958:  79%|███████▉  | 310/391 [00:10<00:02, 31.74it/s]
Epoch 1 train | loss = 1.639801, acc = 0.3961:  79%|███████▉  | 310/391 [00:10<00:02, 31.74it/s]
Epoch 1 train | loss = 1.639883, acc = 0.3960:  79%|███████▉  | 310/391 [00:10<00:02, 31.74it/s]
Epoch 1 train | loss = 1.639777, acc = 0.3961:  79%|███████▉  | 310/391 [00:10<00:02, 31.74it/s]
Epoch 1 train | loss = 1.640283, acc = 0.3959:  79%|███████▉  | 310/391 [00:10<00:02, 31.74it/s]
Epoch 1 train | loss = 1.640283, acc = 0.3959:  80%|████████  | 314/391 [00:10<00:02, 31.91it/s]
Epoch 1 train | loss = 1.639441, acc = 0.3962:  80%|████████  | 314/391 [00:10<00:02, 31.91it/s]
Epoch 1 train | loss = 1.639633, acc = 0.3964:  80%|████████  | 314/391 [00:10<00:02, 31.91it/s]
Epoch 1 train | loss = 1.639664, acc = 0.3964:  80%|████████  | 314/391 [00:10<00:02, 31.91it/s]
Epoch 1 train | loss = 1.639280, acc = 0.3967:  80%|████████  | 314/391 [00:10<00:02, 31.91it/s]
Epoch 1 train | loss = 1.639280, acc = 0.3967:  81%|████████▏ | 318/391 [00:10<00:02, 32.04it/s]
Epoch 1 train | loss = 1.639143, acc = 0.3968:  81%|████████▏ | 318/391 [00:10<00:02, 32.04it/s]
Epoch 1 train | loss = 1.639067, acc = 0.3970:  81%|████████▏ | 318/391 [00:10<00:02, 32.04it/s]
Epoch 1 train | loss = 1.639115, acc = 0.3968:  81%|████████▏ | 318/391 [00:10<00:02, 32.04it/s]
Epoch 1 train | loss = 1.638700, acc = 0.3971:  81%|████████▏ | 318/391 [00:10<00:02, 32.04it/s]
Epoch 1 train | loss = 1.638700, acc = 0.3971:  82%|████████▏ | 322/391 [00:10<00:02, 32.16it/s]
Epoch 1 train | loss = 1.638417, acc = 0.3973:  82%|████████▏ | 322/391 [00:10<00:02, 32.16it/s]
Epoch 1 train | loss = 1.638319, acc = 0.3973:  82%|████████▏ | 322/391 [00:10<00:02, 32.16it/s]
Epoch 1 train | loss = 1.637904, acc = 0.3975:  82%|████████▏ | 322/391 [00:10<00:02, 32.16it/s]
Epoch 1 train | loss = 1.638003, acc = 0.3975:  82%|████████▏ | 322/391 [00:10<00:02, 32.16it/s]
Epoch 1 train | loss = 1.638003, acc = 0.3975:  83%|████████▎ | 326/391 [00:10<00:02, 31.93it/s]
Epoch 1 train | loss = 1.637443, acc = 0.3978:  83%|████████▎ | 326/391 [00:10<00:02, 31.93it/s]
Epoch 1 train | loss = 1.637154, acc = 0.3979:  83%|████████▎ | 326/391 [00:10<00:02, 31.93it/s]
Epoch 1 train | loss = 1.636672, acc = 0.3981:  83%|████████▎ | 326/391 [00:10<00:02, 31.93it/s]
Epoch 1 train | loss = 1.636123, acc = 0.3983:  83%|████████▎ | 326/391 [00:10<00:02, 31.93it/s]
Epoch 1 train | loss = 1.636123, acc = 0.3983:  84%|████████▍ | 330/391 [00:10<00:01, 31.85it/s]
Epoch 1 train | loss = 1.635747, acc = 0.3984:  84%|████████▍ | 330/391 [00:10<00:01, 31.85it/s]
Epoch 1 train | loss = 1.635311, acc = 0.3986:  84%|████████▍ | 330/391 [00:10<00:01, 31.85it/s]
Epoch 1 train | loss = 1.634785, acc = 0.3987:  84%|████████▍ | 330/391 [00:10<00:01, 31.85it/s]
Epoch 1 train | loss = 1.634798, acc = 0.3987:  84%|████████▍ | 330/391 [00:11<00:01, 31.85it/s]
Epoch 1 train | loss = 1.634798, acc = 0.3987:  85%|████████▌ | 334/391 [00:11<00:01, 31.99it/s]
Epoch 1 train | loss = 1.634869, acc = 0.3986:  85%|████████▌ | 334/391 [00:11<00:01, 31.99it/s]
Epoch 1 train | loss = 1.635318, acc = 0.3986:  85%|████████▌ | 334/391 [00:11<00:01, 31.99it/s]
Epoch 1 train | loss = 1.635296, acc = 0.3986:  85%|████████▌ | 334/391 [00:11<00:01, 31.99it/s]
Epoch 1 train | loss = 1.635135, acc = 0.3986:  85%|████████▌ | 334/391 [00:11<00:01, 31.99it/s]
Epoch 1 train | loss = 1.635135, acc = 0.3986:  86%|████████▋ | 338/391 [00:11<00:01, 32.08it/s]
Epoch 1 train | loss = 1.635203, acc = 0.3986:  86%|████████▋ | 338/391 [00:11<00:01, 32.08it/s]
Epoch 1 train | loss = 1.635471, acc = 0.3986:  86%|████████▋ | 338/391 [00:11<00:01, 32.08it/s]
Epoch 1 train | loss = 1.635438, acc = 0.3986:  86%|████████▋ | 338/391 [00:11<00:01, 32.08it/s]
Epoch 1 train | loss = 1.635758, acc = 0.3985:  86%|████████▋ | 338/391 [00:11<00:01, 32.08it/s]
Epoch 1 train | loss = 1.635758, acc = 0.3985:  87%|████████▋ | 342/391 [00:11<00:01, 32.15it/s]
Epoch 1 train | loss = 1.635825, acc = 0.3986:  87%|████████▋ | 342/391 [00:11<00:01, 32.15it/s]
Epoch 1 train | loss = 1.635507, acc = 0.3988:  87%|████████▋ | 342/391 [00:11<00:01, 32.15it/s]
Epoch 1 train | loss = 1.635211, acc = 0.3991:  87%|████████▋ | 342/391 [00:11<00:01, 32.15it/s]
Epoch 1 train | loss = 1.635425, acc = 0.3990:  87%|████████▋ | 342/391 [00:11<00:01, 32.15it/s]
Epoch 1 train | loss = 1.635425, acc = 0.3990:  88%|████████▊ | 346/391 [00:11<00:01, 32.14it/s]
Epoch 1 train | loss = 1.635353, acc = 0.3991:  88%|████████▊ | 346/391 [00:11<00:01, 32.14it/s]
Epoch 1 train | loss = 1.634525, acc = 0.3995:  88%|████████▊ | 346/391 [00:11<00:01, 32.14it/s]
Epoch 1 train | loss = 1.634932, acc = 0.3994:  88%|████████▊ | 346/391 [00:11<00:01, 32.14it/s]
Epoch 1 train | loss = 1.635289, acc = 0.3993:  88%|████████▊ | 346/391 [00:11<00:01, 32.14it/s]
Epoch 1 train | loss = 1.635289, acc = 0.3993:  90%|████████▉ | 350/391 [00:11<00:01, 31.85it/s]
Epoch 1 train | loss = 1.635616, acc = 0.3992:  90%|████████▉ | 350/391 [00:11<00:01, 31.85it/s]
Epoch 1 train | loss = 1.635816, acc = 0.3993:  90%|████████▉ | 350/391 [00:11<00:01, 31.85it/s]
Epoch 1 train | loss = 1.636159, acc = 0.3992:  90%|████████▉ | 350/391 [00:11<00:01, 31.85it/s]
Epoch 1 train | loss = 1.636274, acc = 0.3990:  90%|████████▉ | 350/391 [00:11<00:01, 31.85it/s]
Epoch 1 train | loss = 1.636274, acc = 0.3990:  91%|█████████ | 354/391 [00:11<00:01, 31.86it/s]
Epoch 1 train | loss = 1.636463, acc = 0.3989:  91%|█████████ | 354/391 [00:11<00:01, 31.86it/s]
Epoch 1 train | loss = 1.636262, acc = 0.3990:  91%|█████████ | 354/391 [00:11<00:01, 31.86it/s]
Epoch 1 train | loss = 1.636555, acc = 0.3989:  91%|█████████ | 354/391 [00:11<00:01, 31.86it/s]
Epoch 1 train | loss = 1.636531, acc = 0.3989:  91%|█████████ | 354/391 [00:11<00:01, 31.86it/s]
Epoch 1 train | loss = 1.636531, acc = 0.3989:  92%|█████████▏| 358/391 [00:11<00:01, 31.99it/s]
Epoch 1 train | loss = 1.636250, acc = 0.3988:  92%|█████████▏| 358/391 [00:11<00:01, 31.99it/s]
Epoch 1 train | loss = 1.636223, acc = 0.3988:  92%|█████████▏| 358/391 [00:11<00:01, 31.99it/s]
Epoch 1 train | loss = 1.636289, acc = 0.3988:  92%|█████████▏| 358/391 [00:11<00:01, 31.99it/s]
Epoch 1 train | loss = 1.636199, acc = 0.3988:  92%|█████████▏| 358/391 [00:11<00:01, 31.99it/s]
Epoch 1 train | loss = 1.636199, acc = 0.3988:  93%|█████████▎| 362/391 [00:11<00:00, 32.09it/s]
Epoch 1 train | loss = 1.636097, acc = 0.3991:  93%|█████████▎| 362/391 [00:11<00:00, 32.09it/s]
Epoch 1 train | loss = 1.635966, acc = 0.3990:  93%|█████████▎| 362/391 [00:11<00:00, 32.09it/s]
Epoch 1 train | loss = 1.635765, acc = 0.3991:  93%|█████████▎| 362/391 [00:11<00:00, 32.09it/s]
Epoch 1 train | loss = 1.635266, acc = 0.3992:  93%|█████████▎| 362/391 [00:12<00:00, 32.09it/s]
Epoch 1 train | loss = 1.635266, acc = 0.3992:  94%|█████████▎| 366/391 [00:12<00:00, 31.66it/s]
Epoch 1 train | loss = 1.635318, acc = 0.3994:  94%|█████████▎| 366/391 [00:12<00:00, 31.66it/s]
Epoch 1 train | loss = 1.635303, acc = 0.3994:  94%|█████████▎| 366/391 [00:12<00:00, 31.66it/s]
Epoch 1 train | loss = 1.635510, acc = 0.3993:  94%|█████████▎| 366/391 [00:12<00:00, 31.66it/s]
Epoch 1 train | loss = 1.635351, acc = 0.3993:  94%|█████████▎| 366/391 [00:12<00:00, 31.66it/s]
Epoch 1 train | loss = 1.635351, acc = 0.3993:  95%|█████████▍| 370/391 [00:12<00:00, 31.61it/s]
Epoch 1 train | loss = 1.635108, acc = 0.3996:  95%|█████████▍| 370/391 [00:12<00:00, 31.61it/s]
Epoch 1 train | loss = 1.635224, acc = 0.3995:  95%|█████████▍| 370/391 [00:12<00:00, 31.61it/s]
Epoch 1 train | loss = 1.635103, acc = 0.3995:  95%|█████████▍| 370/391 [00:12<00:00, 31.61it/s]
Epoch 1 train | loss = 1.634305, acc = 0.3999:  95%|█████████▍| 370/391 [00:12<00:00, 31.61it/s]
Epoch 1 train | loss = 1.634305, acc = 0.3999:  96%|█████████▌| 374/391 [00:12<00:00, 31.71it/s]
Epoch 1 train | loss = 1.634333, acc = 0.3999:  96%|█████████▌| 374/391 [00:12<00:00, 31.71it/s]
Epoch 1 train | loss = 1.633904, acc = 0.4001:  96%|█████████▌| 374/391 [00:12<00:00, 31.71it/s]
Epoch 1 train | loss = 1.633715, acc = 0.4003:  96%|█████████▌| 374/391 [00:12<00:00, 31.71it/s]
Epoch 1 train | loss = 1.633658, acc = 0.4003:  96%|█████████▌| 374/391 [00:12<00:00, 31.71it/s]
Epoch 1 train | loss = 1.633658, acc = 0.4003:  97%|█████████▋| 378/391 [00:12<00:00, 31.81it/s]
Epoch 1 train | loss = 1.633691, acc = 0.4004:  97%|█████████▋| 378/391 [00:12<00:00, 31.81it/s]
Epoch 1 train | loss = 1.633451, acc = 0.4005:  97%|█████████▋| 378/391 [00:12<00:00, 31.81it/s]
Epoch 1 train | loss = 1.633040, acc = 0.4007:  97%|█████████▋| 378/391 [00:12<00:00, 31.81it/s]
Epoch 1 train | loss = 1.632802, acc = 0.4007:  97%|█████████▋| 378/391 [00:12<00:00, 31.81it/s]
Epoch 1 train | loss = 1.632802, acc = 0.4007:  98%|█████████▊| 382/391 [00:12<00:00, 31.95it/s]
Epoch 1 train | loss = 1.632786, acc = 0.4007:  98%|█████████▊| 382/391 [00:12<00:00, 31.95it/s]
Epoch 1 train | loss = 1.632576, acc = 0.4008:  98%|█████████▊| 382/391 [00:12<00:00, 31.95it/s]
Epoch 1 train | loss = 1.632136, acc = 0.4009:  98%|█████████▊| 382/391 [00:12<00:00, 31.95it/s]
Epoch 1 train | loss = 1.631930, acc = 0.4010:  98%|█████████▊| 382/391 [00:12<00:00, 31.95it/s]
Epoch 1 train | loss = 1.631930, acc = 0.4010:  99%|█████████▊| 386/391 [00:12<00:00, 31.76it/s]
Epoch 1 train | loss = 1.631254, acc = 0.4013:  99%|█████████▊| 386/391 [00:12<00:00, 31.76it/s]
Epoch 1 train | loss = 1.630561, acc = 0.4017:  99%|█████████▊| 386/391 [00:12<00:00, 31.76it/s]
Epoch 1 train | loss = 1.630417, acc = 0.4018:  99%|█████████▊| 386/391 [00:12<00:00, 31.76it/s]
Epoch 1 train | loss = 1.630596, acc = 0.4019:  99%|█████████▊| 386/391 [00:12<00:00, 31.76it/s]
Epoch 1 train | loss = 1.630596, acc = 0.4019: 100%|█████████▉| 390/391 [00:12<00:00, 31.59it/s]
Epoch 1 train | loss = 1.630789, acc = 0.4018: 100%|█████████▉| 390/391 [00:12<00:00, 31.59it/s]
Epoch 1 train | loss = 1.630789, acc = 0.4018: 100%|██████████| 391/391 [00:12<00:00, 30.56it/s]

  0%|          | 0/2 [00:00<?, ?it/s]
 50%|█████     | 1/2 [00:12<00:12, 12.47s/it]
100%|██████████| 2/2 [00:24<00:00, 12.45s/it]
100%|██████████| 2/2 [00:24<00:00, 12.44s/it]
INFO - mli_cifar10 - Completed after 0:01:00
<sacred.run.Run object at 0x146b08ef9940>
<class 'sacred.run.Run'>
1571670
Files already downloaded and verified
Files already downloaded and verified
No checkpoint found. Training from scratch.
Files already downloaded and verified
{'train.acc': {'steps': [0, 1], 'timestamps': ['2021-10-19T17:31:47.543937', '2021-10-19T17:32:00.902357'], 'values': [0.27931585679273774, 0.4017583120357045]}, 'train.loss': {'steps': [0, 1], 'timestamps': ['2021-10-19T17:31:47.543847', '2021-10-19T17:32:00.902276'], 'values': [1.8990737224173972, 1.6307888531014132]}, 'train.wdist': {'steps': [0, 1], 'timestamps': ['2021-10-19T17:31:47.545010', '2021-10-19T17:32:00.903248'], 'values': [14.282779324781705, 22.69351154344993]}}
